{"C:\\Users\\ashut\\OneDrive\\Desktop\\my folders\\netflix-clone\\frontend\\src\\App.jsx": {"path":"C:\\Users\\ashut\\OneDrive\\Desktop\\my folders\\netflix-clone\\frontend\\src\\App.jsx","statementMap":{"0":{"start":{"line":20,"column":39},"end":{"line":20,"column":53}},"1":{"start":{"line":21,"column":2},"end":{"line":21,"column":42}},"2":{"start":{"line":23,"column":2},"end":{"line":27,"column":18}},"3":{"start":{"line":24,"column":4},"end":{"line":26,"column":60}},"4":{"start":{"line":25,"column":18},"end":{"line":25,"column":60}},"5":{"start":{"line":26,"column":22},"end":{"line":26,"column":58}},"6":{"start":{"line":29,"column":2},"end":{"line":37,"column":3}},"7":{"start":{"line":30,"column":4},"end":{"line":36,"column":5}},"8":{"start":{"line":42,"column":2},"end":{"line":57,"column":3}}},"fnMap":{"0":{"name":"App","decl":{"start":{"line":19,"column":9},"end":{"line":19,"column":12}},"loc":{"start":{"line":19,"column":15},"end":{"line":58,"column":1}},"line":19},"1":{"name":"(anonymous_1)","decl":{"start":{"line":23,"column":12},"end":{"line":23,"column":13}},"loc":{"start":{"line":23,"column":18},"end":{"line":27,"column":3}},"line":23},"2":{"name":"(anonymous_2)","decl":{"start":{"line":25,"column":12},"end":{"line":25,"column":13}},"loc":{"start":{"line":25,"column":18},"end":{"line":25,"column":60}},"line":25},"3":{"name":"(anonymous_3)","decl":{"start":{"line":26,"column":13},"end":{"line":26,"column":14}},"loc":{"start":{"line":26,"column":22},"end":{"line":26,"column":58}},"line":26}},"branchMap":{"0":{"loc":{"start":{"line":29,"column":2},"end":{"line":37,"column":3}},"type":"if","locations":[{"start":{"line":29,"column":2},"end":{"line":37,"column":3}},{"start":{},"end":{}}],"line":29},"1":{"loc":{"start":{"line":46,"column":36},"end":{"line":46,"column":86}},"type":"cond-expr","locations":[{"start":{"line":46,"column":42},"end":{"line":46,"column":65}},{"start":{"line":46,"column":66},"end":{"line":46,"column":86}}],"line":46},"2":{"loc":{"start":{"line":47,"column":37},"end":{"line":47,"column":89}},"type":"cond-expr","locations":[{"start":{"line":47,"column":43},"end":{"line":47,"column":68}},{"start":{"line":47,"column":69},"end":{"line":47,"column":89}}],"line":47},"3":{"loc":{"start":{"line":48,"column":40},"end":{"line":48,"column":81}},"type":"cond-expr","locations":[{"start":{"line":48,"column":45},"end":{"line":48,"column":60}},{"start":{"line":48,"column":61},"end":{"line":48,"column":81}}],"line":48},"4":{"loc":{"start":{"line":49,"column":37},"end":{"line":49,"column":88}},"type":"cond-expr","locations":[{"start":{"line":49,"column":42},"end":{"line":49,"column":67}},{"start":{"line":49,"column":68},"end":{"line":49,"column":88}}],"line":49},"5":{"loc":{"start":{"line":50,"column":44},"end":{"line":50,"column":101}},"type":"cond-expr","locations":[{"start":{"line":50,"column":49},"end":{"line":50,"column":80}},{"start":{"line":50,"column":81},"end":{"line":50,"column":101}}],"line":50}},"s":{"0":2,"1":2,"2":2,"3":1,"4":0,"5":0,"6":2,"7":2,"8":0},"f":{"0":2,"1":1,"2":0,"3":0},"b":{"0":[2,0],"1":[0,0],"2":[0,0],"3":[0,0],"4":[0,0],"5":[0,0]},"_coverageSchema":"1a1c01bbd47fc00a2c39e90264f33305004495a9","hash":"4b17eddb0b9ab847d0f7f3ce211ffbd5f47639f9"}
,"C:\\Users\\ashut\\OneDrive\\Desktop\\my folders\\netflix-clone\\frontend\\src\\customhook\\usegetTrending.jsx": {"path":"C:\\Users\\ashut\\OneDrive\\Desktop\\my folders\\netflix-clone\\frontend\\src\\customhook\\usegetTrending.jsx","statementMap":{"0":{"start":{"line":5,"column":23},"end":{"line":20,"column":1}},"1":{"start":{"line":6,"column":20},"end":{"line":6,"column":32}},"2":{"start":{"line":7,"column":30},"end":{"line":7,"column":44}},"3":{"start":{"line":8,"column":0},"end":{"line":8,"column":40}},"4":{"start":{"line":10,"column":0},"end":{"line":17,"column":16}},"5":{"start":{"line":11,"column":22},"end":{"line":15,"column":5}},"6":{"start":{"line":12,"column":12},"end":{"line":12,"column":62}},"7":{"start":{"line":13,"column":3},"end":{"line":13,"column":33}},"8":{"start":{"line":14,"column":3},"end":{"line":14,"column":37}},"9":{"start":{"line":16,"column":3},"end":{"line":16,"column":16}},"10":{"start":{"line":19,"column":3},"end":{"line":19,"column":20}}},"fnMap":{"0":{"name":"(anonymous_0)","decl":{"start":{"line":5,"column":23},"end":{"line":5,"column":24}},"loc":{"start":{"line":5,"column":29},"end":{"line":20,"column":1}},"line":5},"1":{"name":"(anonymous_1)","decl":{"start":{"line":10,"column":10},"end":{"line":10,"column":11}},"loc":{"start":{"line":10,"column":14},"end":{"line":17,"column":1}},"line":10},"2":{"name":"(anonymous_2)","decl":{"start":{"line":11,"column":22},"end":{"line":11,"column":23}},"loc":{"start":{"line":11,"column":31},"end":{"line":15,"column":5}},"line":11}},"branchMap":{},"s":{"0":1,"1":0,"2":0,"3":0,"4":0,"5":0,"6":0,"7":0,"8":0,"9":0,"10":0},"f":{"0":0,"1":0,"2":0},"b":{},"_coverageSchema":"1a1c01bbd47fc00a2c39e90264f33305004495a9","hash":"32d6f4bf85eeef63620e6e9e273a0683f2edcdcf"}
,"C:\\Users\\ashut\\OneDrive\\Desktop\\my folders\\netflix-clone\\frontend\\src\\pages\\Showlist.jsx": {"path":"C:\\Users\\ashut\\OneDrive\\Desktop\\my folders\\netflix-clone\\frontend\\src\\pages\\Showlist.jsx","statementMap":{"0":{"start":{"line":8,"column":17},"end":{"line":70,"column":1}},"1":{"start":{"line":9,"column":18},"end":{"line":9,"column":26}},"2":{"start":{"line":10,"column":26},"end":{"line":10,"column":38}},"3":{"start":{"line":11,"column":26},"end":{"line":11,"column":38}},"4":{"start":{"line":12,"column":36},"end":{"line":12,"column":51}},"5":{"start":{"line":14,"column":31},"end":{"line":14,"column":79}},"6":{"start":{"line":15,"column":32},"end":{"line":15,"column":111}},"7":{"start":{"line":17,"column":2},"end":{"line":23,"column":25}},"8":{"start":{"line":18,"column":23},"end":{"line":21,"column":5}},"9":{"start":{"line":19,"column":18},"end":{"line":19,"column":67}},"10":{"start":{"line":20,"column":6},"end":{"line":20,"column":31}},"11":{"start":{"line":22,"column":4},"end":{"line":22,"column":16}},"12":{"start":{"line":25,"column":19},"end":{"line":28,"column":3}},"13":{"start":{"line":26,"column":1},"end":{"line":26,"column":83}},"14":{"start":{"line":29,"column":18},"end":{"line":31,"column":3}},"15":{"start":{"line":30,"column":1},"end":{"line":30,"column":84}},"16":{"start":{"line":33,"column":2},"end":{"line":69,"column":3}},"17":{"start":{"line":38,"column":28},"end":{"line":38,"column":46}},"18":{"start":{"line":39,"column":28},"end":{"line":39,"column":47}},"19":{"start":{"line":44,"column":14},"end":{"line":49,"column":21}}},"fnMap":{"0":{"name":"(anonymous_0)","decl":{"start":{"line":8,"column":17},"end":{"line":8,"column":18}},"loc":{"start":{"line":8,"column":31},"end":{"line":70,"column":1}},"line":8},"1":{"name":"(anonymous_1)","decl":{"start":{"line":17,"column":12},"end":{"line":17,"column":13}},"loc":{"start":{"line":17,"column":18},"end":{"line":23,"column":3}},"line":17},"2":{"name":"(anonymous_2)","decl":{"start":{"line":18,"column":23},"end":{"line":18,"column":24}},"loc":{"start":{"line":18,"column":35},"end":{"line":21,"column":5}},"line":18},"3":{"name":"(anonymous_3)","decl":{"start":{"line":25,"column":19},"end":{"line":25,"column":20}},"loc":{"start":{"line":25,"column":23},"end":{"line":28,"column":3}},"line":25},"4":{"name":"(anonymous_4)","decl":{"start":{"line":29,"column":18},"end":{"line":29,"column":19}},"loc":{"start":{"line":29,"column":22},"end":{"line":31,"column":3}},"line":29},"5":{"name":"(anonymous_5)","decl":{"start":{"line":38,"column":22},"end":{"line":38,"column":23}},"loc":{"start":{"line":38,"column":28},"end":{"line":38,"column":46}},"line":38},"6":{"name":"(anonymous_6)","decl":{"start":{"line":39,"column":22},"end":{"line":39,"column":23}},"loc":{"start":{"line":39,"column":28},"end":{"line":39,"column":47}},"line":39},"7":{"name":"(anonymous_7)","decl":{"start":{"line":43,"column":21},"end":{"line":43,"column":22}},"loc":{"start":{"line":44,"column":14},"end":{"line":49,"column":21}},"line":44}},"branchMap":{"0":{"loc":{"start":{"line":14,"column":31},"end":{"line":14,"column":79}},"type":"cond-expr","locations":[{"start":{"line":14,"column":58},"end":{"line":14,"column":66}},{"start":{"line":14,"column":69},"end":{"line":14,"column":79}}],"line":14},"1":{"loc":{"start":{"line":48,"column":69},"end":{"line":48,"column":101}},"type":"binary-expr","locations":[{"start":{"line":48,"column":69},"end":{"line":48,"column":88}},{"start":{"line":48,"column":92},"end":{"line":48,"column":101}}],"line":48},"2":{"loc":{"start":{"line":55,"column":10},"end":{"line":65,"column":11}},"type":"binary-expr","locations":[{"start":{"line":55,"column":10},"end":{"line":55,"column":19}},{"start":{"line":56,"column":12},"end":{"line":64,"column":15}}],"line":55}},"s":{"0":1,"1":0,"2":0,"3":0,"4":0,"5":0,"6":0,"7":0,"8":0,"9":0,"10":0,"11":0,"12":0,"13":0,"14":0,"15":0,"16":0,"17":0,"18":0,"19":0},"f":{"0":0,"1":0,"2":0,"3":0,"4":0,"5":0,"6":0,"7":0},"b":{"0":[0,0],"1":[0,0],"2":[0,0]},"_coverageSchema":"1a1c01bbd47fc00a2c39e90264f33305004495a9","hash":"ee7a10d1dce1c7213cd69434d8331d1cf1784ce5"}
,"C:\\Users\\ashut\\OneDrive\\Desktop\\my folders\\netflix-clone\\frontend\\src\\pages\\Watchskeleton.jsx": {"path":"C:\\Users\\ashut\\OneDrive\\Desktop\\my folders\\netflix-clone\\frontend\\src\\pages\\Watchskeleton.jsx","statementMap":{"0":{"start":{"line":3,"column":22},"end":{"line":14,"column":1}},"1":{"start":{"line":4,"column":2},"end":{"line":13,"column":3}}},"fnMap":{"0":{"name":"(anonymous_0)","decl":{"start":{"line":3,"column":22},"end":{"line":3,"column":23}},"loc":{"start":{"line":3,"column":28},"end":{"line":14,"column":1}},"line":3}},"branchMap":{},"s":{"0":1,"1":0},"f":{"0":0},"b":{},"_coverageSchema":"1a1c01bbd47fc00a2c39e90264f33305004495a9","hash":"dd730fb743f670cbb1a0ba6cf5964837ee12aab8"}
,"C:\\Users\\ashut\\OneDrive\\Desktop\\my folders\\netflix-clone\\frontend\\src\\pages\\authpages\\LoginPage.jsx": {"path":"C:\\Users\\ashut\\OneDrive\\Desktop\\my folders\\netflix-clone\\frontend\\src\\pages\\authpages\\LoginPage.jsx","statementMap":{"0":{"start":{"line":6,"column":18},"end":{"line":40,"column":1}},"1":{"start":{"line":7,"column":19},"end":{"line":7,"column":27}},"2":{"start":{"line":8,"column":22},"end":{"line":8,"column":30}},"3":{"start":{"line":9,"column":18},"end":{"line":9,"column":32}},"4":{"start":{"line":10,"column":24},"end":{"line":15,"column":5}},"5":{"start":{"line":11,"column":6},"end":{"line":11,"column":24}},"6":{"start":{"line":12,"column":16},"end":{"line":12,"column":38}},"7":{"start":{"line":13,"column":19},"end":{"line":13,"column":44}},"8":{"start":{"line":14,"column":4},"end":{"line":14,"column":27}},"9":{"start":{"line":16,"column":4},"end":{"line":39,"column":7}}},"fnMap":{"0":{"name":"(anonymous_0)","decl":{"start":{"line":6,"column":18},"end":{"line":6,"column":19}},"loc":{"start":{"line":6,"column":24},"end":{"line":40,"column":1}},"line":6},"1":{"name":"(anonymous_1)","decl":{"start":{"line":10,"column":24},"end":{"line":10,"column":25}},"loc":{"start":{"line":10,"column":29},"end":{"line":15,"column":5}},"line":10}},"branchMap":{},"s":{"0":1,"1":0,"2":0,"3":0,"4":0,"5":0,"6":0,"7":0,"8":0,"9":0},"f":{"0":0,"1":0},"b":{},"_coverageSchema":"1a1c01bbd47fc00a2c39e90264f33305004495a9","hash":"94f99a047bbe92b31ab5520b4fbc69045c37470b"}
,"C:\\Users\\ashut\\OneDrive\\Desktop\\my folders\\netflix-clone\\frontend\\src\\pages\\authpages\\SignUPPage.jsx": {"path":"C:\\Users\\ashut\\OneDrive\\Desktop\\my folders\\netflix-clone\\frontend\\src\\pages\\authpages\\SignUPPage.jsx","statementMap":{"0":{"start":{"line":5,"column":20},"end":{"line":51,"column":2}},"1":{"start":{"line":6,"column":17},"end":{"line":6,"column":30}},"2":{"start":{"line":7,"column":17},"end":{"line":7,"column":30}},"3":{"start":{"line":8,"column":20},"end":{"line":8,"column":28}},"4":{"start":{"line":9,"column":17},"end":{"line":9,"column":25}},"5":{"start":{"line":10,"column":20},"end":{"line":10,"column":28}},"6":{"start":{"line":11,"column":23},"end":{"line":11,"column":59}},"7":{"start":{"line":12,"column":19},"end":{"line":12,"column":50}},"8":{"start":{"line":13,"column":20},"end":{"line":13,"column":34}},"9":{"start":{"line":14,"column":22},"end":{"line":22,"column":3}},"10":{"start":{"line":15,"column":4},"end":{"line":15,"column":22}},"11":{"start":{"line":16,"column":17},"end":{"line":16,"column":42}},"12":{"start":{"line":17,"column":14},"end":{"line":17,"column":36}},"13":{"start":{"line":18,"column":17},"end":{"line":18,"column":42}},"14":{"start":{"line":19,"column":4},"end":{"line":19,"column":40}},"15":{"start":{"line":21,"column":2},"end":{"line":21,"column":38}},"16":{"start":{"line":23,"column":4},"end":{"line":50,"column":7}}},"fnMap":{"0":{"name":"(anonymous_0)","decl":{"start":{"line":5,"column":20},"end":{"line":5,"column":21}},"loc":{"start":{"line":5,"column":26},"end":{"line":51,"column":2}},"line":5},"1":{"name":"(anonymous_1)","decl":{"start":{"line":14,"column":22},"end":{"line":14,"column":23}},"loc":{"start":{"line":14,"column":27},"end":{"line":22,"column":3}},"line":14}},"branchMap":{"0":{"loc":{"start":{"line":12,"column":19},"end":{"line":12,"column":50}},"type":"binary-expr","locations":[{"start":{"line":12,"column":19},"end":{"line":12,"column":44}},{"start":{"line":12,"column":48},"end":{"line":12,"column":50}}],"line":12}},"s":{"0":1,"1":0,"2":0,"3":0,"4":0,"5":0,"6":0,"7":0,"8":0,"9":0,"10":0,"11":0,"12":0,"13":0,"14":0,"15":0,"16":0},"f":{"0":0,"1":0},"b":{"0":[0,0]},"_coverageSchema":"1a1c01bbd47fc00a2c39e90264f33305004495a9","hash":"32d7677be3ee0ca6d59207e7e466230cce5206c6"}
,"C:\\Users\\ashut\\OneDrive\\Desktop\\my folders\\netflix-clone\\frontend\\src\\pages\\components\\Error.jsx": {"path":"C:\\Users\\ashut\\OneDrive\\Desktop\\my folders\\netflix-clone\\frontend\\src\\pages\\components\\Error.jsx","statementMap":{"0":{"start":{"line":4,"column":14},"end":{"line":29,"column":1}},"1":{"start":{"line":5,"column":19},"end":{"line":5,"column":32}},"2":{"start":{"line":6,"column":22},"end":{"line":8,"column":5}},"3":{"start":{"line":7,"column":0},"end":{"line":7,"column":13}},"4":{"start":{"line":9,"column":2},"end":{"line":28,"column":3}}},"fnMap":{"0":{"name":"(anonymous_0)","decl":{"start":{"line":4,"column":14},"end":{"line":4,"column":15}},"loc":{"start":{"line":4,"column":20},"end":{"line":29,"column":1}},"line":4},"1":{"name":"(anonymous_1)","decl":{"start":{"line":6,"column":22},"end":{"line":6,"column":23}},"loc":{"start":{"line":6,"column":26},"end":{"line":8,"column":5}},"line":6}},"branchMap":{},"s":{"0":1,"1":0,"2":0,"3":0,"4":0},"f":{"0":0,"1":0},"b":{},"_coverageSchema":"1a1c01bbd47fc00a2c39e90264f33305004495a9","hash":"264e1175646aed1107f0bd74607e8ae6ee2f02cb"}
,"C:\\Users\\ashut\\OneDrive\\Desktop\\my folders\\netflix-clone\\frontend\\src\\pages\\components\\Footer.jsx": {"path":"C:\\Users\\ashut\\OneDrive\\Desktop\\my folders\\netflix-clone\\frontend\\src\\pages\\components\\Footer.jsx","statementMap":{"0":{"start":{"line":3,"column":15},"end":{"line":24,"column":1}},"1":{"start":{"line":4,"column":4},"end":{"line":23,"column":6}}},"fnMap":{"0":{"name":"(anonymous_0)","decl":{"start":{"line":3,"column":15},"end":{"line":3,"column":16}},"loc":{"start":{"line":3,"column":21},"end":{"line":24,"column":1}},"line":3}},"branchMap":{},"s":{"0":1,"1":0},"f":{"0":0},"b":{},"_coverageSchema":"1a1c01bbd47fc00a2c39e90264f33305004495a9","hash":"0c0c08435118a52cc4888efaac2e03b42c4e8340"}
,"C:\\Users\\ashut\\OneDrive\\Desktop\\my folders\\netflix-clone\\frontend\\src\\pages\\components\\Navbar.jsx": {"path":"C:\\Users\\ashut\\OneDrive\\Desktop\\my folders\\netflix-clone\\frontend\\src\\pages\\components\\Navbar.jsx","statementMap":{"0":{"start":{"line":7,"column":15},"end":{"line":79,"column":1}},"1":{"start":{"line":8,"column":19},"end":{"line":8,"column":33}},"2":{"start":{"line":9,"column":30},"end":{"line":9,"column":45}},"3":{"start":{"line":10,"column":42},"end":{"line":10,"column":54}},"4":{"start":{"line":11,"column":21},"end":{"line":11,"column":35}},"5":{"start":{"line":13,"column":23},"end":{"line":15,"column":3}},"6":{"start":{"line":14,"column":4},"end":{"line":14,"column":13}},"7":{"start":{"line":17,"column":2},"end":{"line":78,"column":4}},"8":{"start":{"line":25,"column":60},"end":{"line":25,"column":78}},"9":{"start":{"line":31,"column":42},"end":{"line":31,"column":66}},"10":{"start":{"line":34,"column":42},"end":{"line":34,"column":66}},"11":{"start":{"line":37,"column":55},"end":{"line":37,"column":79}},"12":{"start":{"line":56,"column":46},"end":{"line":56,"column":71}},"13":{"start":{"line":56,"column":72},"end":{"line":56,"column":89}},"14":{"start":{"line":59,"column":46},"end":{"line":59,"column":71}},"15":{"start":{"line":59,"column":72},"end":{"line":59,"column":89}},"16":{"start":{"line":62,"column":59},"end":{"line":62,"column":84}},"17":{"start":{"line":62,"column":85},"end":{"line":62,"column":102}}},"fnMap":{"0":{"name":"(anonymous_0)","decl":{"start":{"line":7,"column":15},"end":{"line":7,"column":16}},"loc":{"start":{"line":7,"column":21},"end":{"line":79,"column":1}},"line":7},"1":{"name":"(anonymous_1)","decl":{"start":{"line":13,"column":23},"end":{"line":13,"column":24}},"loc":{"start":{"line":13,"column":29},"end":{"line":15,"column":3}},"line":13},"2":{"name":"(anonymous_2)","decl":{"start":{"line":25,"column":54},"end":{"line":25,"column":55}},"loc":{"start":{"line":25,"column":60},"end":{"line":25,"column":78}},"line":25},"3":{"name":"(anonymous_3)","decl":{"start":{"line":31,"column":36},"end":{"line":31,"column":37}},"loc":{"start":{"line":31,"column":42},"end":{"line":31,"column":66}},"line":31},"4":{"name":"(anonymous_4)","decl":{"start":{"line":34,"column":36},"end":{"line":34,"column":37}},"loc":{"start":{"line":34,"column":42},"end":{"line":34,"column":66}},"line":34},"5":{"name":"(anonymous_5)","decl":{"start":{"line":37,"column":49},"end":{"line":37,"column":50}},"loc":{"start":{"line":37,"column":55},"end":{"line":37,"column":79}},"line":37},"6":{"name":"(anonymous_6)","decl":{"start":{"line":56,"column":38},"end":{"line":56,"column":39}},"loc":{"start":{"line":56,"column":44},"end":{"line":56,"column":91}},"line":56},"7":{"name":"(anonymous_7)","decl":{"start":{"line":59,"column":38},"end":{"line":59,"column":39}},"loc":{"start":{"line":59,"column":44},"end":{"line":59,"column":91}},"line":59},"8":{"name":"(anonymous_8)","decl":{"start":{"line":62,"column":51},"end":{"line":62,"column":52}},"loc":{"start":{"line":62,"column":57},"end":{"line":62,"column":104}},"line":62}},"branchMap":{"0":{"loc":{"start":{"line":53,"column":9},"end":{"line":75,"column":9}},"type":"binary-expr","locations":[{"start":{"line":53,"column":9},"end":{"line":53,"column":15}},{"start":{"line":54,"column":10},"end":{"line":74,"column":16}}],"line":53}},"s":{"0":1,"1":0,"2":0,"3":0,"4":0,"5":0,"6":0,"7":0,"8":0,"9":0,"10":0,"11":0,"12":0,"13":0,"14":0,"15":0,"16":0,"17":0},"f":{"0":0,"1":0,"2":0,"3":0,"4":0,"5":0,"6":0,"7":0,"8":0},"b":{"0":[0,0]},"_coverageSchema":"1a1c01bbd47fc00a2c39e90264f33305004495a9","hash":"ea1bc12310fe7ae43ea4bbb62a6f44e28795678a"}
,"C:\\Users\\ashut\\OneDrive\\Desktop\\my folders\\netflix-clone\\frontend\\src\\pages\\components\\Search.jsx": {"path":"C:\\Users\\ashut\\OneDrive\\Desktop\\my folders\\netflix-clone\\frontend\\src\\pages\\components\\Search.jsx","statementMap":{"0":{"start":{"line":10,"column":19},"end":{"line":136,"column":1}},"1":{"start":{"line":11,"column":15},"end":{"line":11,"column":23}},"2":{"start":{"line":12,"column":30},"end":{"line":12,"column":47}},"3":{"start":{"line":13,"column":30},"end":{"line":13,"column":42}},"4":{"start":{"line":14,"column":32},"end":{"line":14,"column":47}},"5":{"start":{"line":15,"column":19},"end":{"line":15,"column":33}},"6":{"start":{"line":17,"column":18},"end":{"line":49,"column":3}},"7":{"start":{"line":18,"column":16},"end":{"line":18,"column":41}},"8":{"start":{"line":19,"column":4},"end":{"line":22,"column":5}},"9":{"start":{"line":20,"column":6},"end":{"line":20,"column":55}},"10":{"start":{"line":21,"column":6},"end":{"line":21,"column":13}},"11":{"start":{"line":24,"column":4},"end":{"line":48,"column":5}},"12":{"start":{"line":25,"column":6},"end":{"line":25,"column":23}},"13":{"start":{"line":26,"column":18},"end":{"line":26,"column":68}},"14":{"start":{"line":27,"column":6},"end":{"line":27,"column":34}},"15":{"start":{"line":30,"column":6},"end":{"line":38,"column":7}},"16":{"start":{"line":31,"column":8},"end":{"line":37,"column":11}},"17":{"start":{"line":40,"column":6},"end":{"line":40,"column":21}},"18":{"start":{"line":41,"column":6},"end":{"line":45,"column":7}},"19":{"start":{"line":42,"column":8},"end":{"line":42,"column":58}},"20":{"start":{"line":44,"column":8},"end":{"line":44,"column":60}},"21":{"start":{"line":47,"column":6},"end":{"line":47,"column":24}},"22":{"start":{"line":51,"column":15},"end":{"line":54,"column":3}},"23":{"start":{"line":52,"column":4},"end":{"line":52,"column":18}},"24":{"start":{"line":53,"column":4},"end":{"line":53,"column":19}},"25":{"start":{"line":56,"column":23},"end":{"line":59,"column":3}},"26":{"start":{"line":57,"column":4},"end":{"line":57,"column":23}},"27":{"start":{"line":58,"column":4},"end":{"line":58,"column":14}},"28":{"start":{"line":61,"column":2},"end":{"line":135,"column":4}},"29":{"start":{"line":68,"column":10},"end":{"line":76,"column":19}},"30":{"start":{"line":70,"column":27},"end":{"line":70,"column":36}},"31":{"start":{"line":108,"column":14},"end":{"line":108,"column":71}},"32":{"start":{"line":108,"column":59},"end":{"line":108,"column":71}},"33":{"start":{"line":109,"column":14},"end":{"line":129,"column":16}}},"fnMap":{"0":{"name":"(anonymous_0)","decl":{"start":{"line":10,"column":19},"end":{"line":10,"column":20}},"loc":{"start":{"line":10,"column":25},"end":{"line":136,"column":1}},"line":10},"1":{"name":"(anonymous_1)","decl":{"start":{"line":17,"column":18},"end":{"line":17,"column":19}},"loc":{"start":{"line":17,"column":30},"end":{"line":49,"column":3}},"line":17},"2":{"name":"(anonymous_2)","decl":{"start":{"line":51,"column":15},"end":{"line":51,"column":16}},"loc":{"start":{"line":51,"column":24},"end":{"line":54,"column":3}},"line":51},"3":{"name":"(anonymous_3)","decl":{"start":{"line":56,"column":23},"end":{"line":56,"column":24}},"loc":{"start":{"line":56,"column":30},"end":{"line":59,"column":3}},"line":56},"4":{"name":"(anonymous_4)","decl":{"start":{"line":67,"column":39},"end":{"line":67,"column":40}},"loc":{"start":{"line":68,"column":10},"end":{"line":76,"column":19}},"line":68},"5":{"name":"(anonymous_5)","decl":{"start":{"line":70,"column":21},"end":{"line":70,"column":22}},"loc":{"start":{"line":70,"column":27},"end":{"line":70,"column":36}},"line":70},"6":{"name":"(anonymous_6)","decl":{"start":{"line":107,"column":24},"end":{"line":107,"column":25}},"loc":{"start":{"line":107,"column":41},"end":{"line":130,"column":13}},"line":107}},"branchMap":{"0":{"loc":{"start":{"line":19,"column":4},"end":{"line":22,"column":5}},"type":"if","locations":[{"start":{"line":19,"column":4},"end":{"line":22,"column":5}},{"start":{},"end":{}}],"line":19},"1":{"loc":{"start":{"line":30,"column":6},"end":{"line":38,"column":7}},"type":"if","locations":[{"start":{"line":30,"column":6},"end":{"line":38,"column":7}},{"start":{},"end":{}}],"line":30},"2":{"loc":{"start":{"line":30,"column":10},"end":{"line":30,"column":50}},"type":"binary-expr","locations":[{"start":{"line":30,"column":10},"end":{"line":30,"column":19}},{"start":{"line":30,"column":23},"end":{"line":30,"column":50}}],"line":30},"3":{"loc":{"start":{"line":36,"column":17},"end":{"line":36,"column":92}},"type":"binary-expr","locations":[{"start":{"line":36,"column":17},"end":{"line":36,"column":49}},{"start":{"line":36,"column":53},"end":{"line":36,"column":86}},{"start":{"line":36,"column":90},"end":{"line":36,"column":92}}],"line":36},"4":{"loc":{"start":{"line":41,"column":6},"end":{"line":45,"column":7}},"type":"if","locations":[{"start":{"line":41,"column":6},"end":{"line":45,"column":7}},{"start":{"line":43,"column":13},"end":{"line":45,"column":7}}],"line":41},"5":{"loc":{"start":{"line":72,"column":14},"end":{"line":72,"column":78}},"type":"cond-expr","locations":[{"start":{"line":72,"column":31},"end":{"line":72,"column":58}},{"start":{"line":72,"column":61},"end":{"line":72,"column":78}}],"line":72},"6":{"loc":{"start":{"line":75,"column":13},"end":{"line":75,"column":79}},"type":"cond-expr","locations":[{"start":{"line":75,"column":28},"end":{"line":75,"column":38}},{"start":{"line":75,"column":41},"end":{"line":75,"column":79}}],"line":75},"7":{"loc":{"start":{"line":75,"column":41},"end":{"line":75,"column":79}},"type":"cond-expr","locations":[{"start":{"line":75,"column":60},"end":{"line":75,"column":68}},{"start":{"line":75,"column":71},"end":{"line":75,"column":79}}],"line":75},"8":{"loc":{"start":{"line":99,"column":7},"end":{"line":101,"column":7}},"type":"binary-expr","locations":[{"start":{"line":99,"column":7},"end":{"line":99,"column":14}},{"start":{"line":100,"column":8},"end":{"line":100,"column":66}}],"line":99},"9":{"loc":{"start":{"line":104,"column":7},"end":{"line":133,"column":7}},"type":"binary-expr","locations":[{"start":{"line":104,"column":7},"end":{"line":104,"column":15}},{"start":{"line":104,"column":19},"end":{"line":104,"column":36}},{"start":{"line":105,"column":8},"end":{"line":132,"column":14}}],"line":104},"10":{"loc":{"start":{"line":108,"column":14},"end":{"line":108,"column":71}},"type":"if","locations":[{"start":{"line":108,"column":14},"end":{"line":108,"column":71}},{"start":{},"end":{}}],"line":108},"11":{"loc":{"start":{"line":108,"column":18},"end":{"line":108,"column":57}},"type":"binary-expr","locations":[{"start":{"line":108,"column":18},"end":{"line":108,"column":35}},{"start":{"line":108,"column":39},"end":{"line":108,"column":57}}],"line":108},"12":{"loc":{"start":{"line":109,"column":21},"end":{"line":129,"column":15}},"type":"cond-expr","locations":[{"start":{"line":110,"column":16},"end":{"line":117,"column":22}},{"start":{"line":119,"column":16},"end":{"line":128,"column":23}}],"line":109},"13":{"loc":{"start":{"line":126,"column":51},"end":{"line":126,"column":74}},"type":"binary-expr","locations":[{"start":{"line":126,"column":51},"end":{"line":126,"column":61}},{"start":{"line":126,"column":65},"end":{"line":126,"column":74}}],"line":126}},"s":{"0":1,"1":0,"2":0,"3":0,"4":0,"5":0,"6":0,"7":0,"8":0,"9":0,"10":0,"11":0,"12":0,"13":0,"14":0,"15":0,"16":0,"17":0,"18":0,"19":0,"20":0,"21":0,"22":0,"23":0,"24":0,"25":0,"26":0,"27":0,"28":0,"29":0,"30":0,"31":0,"32":0,"33":0},"f":{"0":0,"1":0,"2":0,"3":0,"4":0,"5":0,"6":0},"b":{"0":[0,0],"1":[0,0],"2":[0,0],"3":[0,0,0],"4":[0,0],"5":[0,0],"6":[0,0],"7":[0,0],"8":[0,0],"9":[0,0,0],"10":[0,0],"11":[0,0],"12":[0,0],"13":[0,0]},"_coverageSchema":"1a1c01bbd47fc00a2c39e90264f33305004495a9","hash":"c701210b48cf82deabc9411049003bdbd5ae22b7"}
,"C:\\Users\\ashut\\OneDrive\\Desktop\\my folders\\netflix-clone\\frontend\\src\\pages\\components\\Searchhistory.jsx": {"path":"C:\\Users\\ashut\\OneDrive\\Desktop\\my folders\\netflix-clone\\frontend\\src\\pages\\components\\Searchhistory.jsx","statementMap":{"0":{"start":{"line":9,"column":22},"end":{"line":121,"column":1}},"1":{"start":{"line":10,"column":19},"end":{"line":10,"column":33}},"2":{"start":{"line":11,"column":36},"end":{"line":11,"column":48}},"3":{"start":{"line":12,"column":32},"end":{"line":12,"column":47}},"4":{"start":{"line":14,"column":29},"end":{"line":26,"column":3}},"5":{"start":{"line":15,"column":4},"end":{"line":25,"column":5}},"6":{"start":{"line":16,"column":6},"end":{"line":20,"column":7}},"7":{"start":{"line":17,"column":8},"end":{"line":17,"column":25}},"8":{"start":{"line":18,"column":20},"end":{"line":18,"column":61}},"9":{"start":{"line":19,"column":8},"end":{"line":19,"column":45}},"10":{"start":{"line":22,"column":6},"end":{"line":22,"column":52}},"11":{"start":{"line":24,"column":6},"end":{"line":24,"column":24}},"12":{"start":{"line":28,"column":2},"end":{"line":30,"column":13}},"13":{"start":{"line":29,"column":4},"end":{"line":29,"column":25}},"14":{"start":{"line":32,"column":26},"end":{"line":42,"column":3}},"15":{"start":{"line":33,"column":17},"end":{"line":33,"column":34}},"16":{"start":{"line":34,"column":4},"end":{"line":41,"column":7}},"17":{"start":{"line":44,"column":22},"end":{"line":55,"column":3}},"18":{"start":{"line":45,"column":4},"end":{"line":54,"column":5}},"19":{"start":{"line":46,"column":6},"end":{"line":46,"column":23}},"20":{"start":{"line":47,"column":6},"end":{"line":47,"column":74}},"21":{"start":{"line":48,"column":6},"end":{"line":48,"column":44}},"22":{"start":{"line":49,"column":6},"end":{"line":49,"column":72}},"23":{"start":{"line":49,"column":29},"end":{"line":49,"column":70}},"24":{"start":{"line":49,"column":51},"end":{"line":49,"column":69}},"25":{"start":{"line":51,"column":6},"end":{"line":51,"column":34}},"26":{"start":{"line":53,"column":6},"end":{"line":53,"column":24}},"27":{"start":{"line":57,"column":2},"end":{"line":67,"column":3}},"28":{"start":{"line":58,"column":4},"end":{"line":66,"column":6}},"29":{"start":{"line":69,"column":2},"end":{"line":78,"column":3}},"30":{"start":{"line":70,"column":4},"end":{"line":77,"column":6}},"31":{"start":{"line":80,"column":2},"end":{"line":120,"column":4}},"32":{"start":{"line":85,"column":10},"end":{"line":116,"column":16}},"33":{"start":{"line":112,"column":31},"end":{"line":112,"column":50}}},"fnMap":{"0":{"name":"(anonymous_0)","decl":{"start":{"line":9,"column":22},"end":{"line":9,"column":23}},"loc":{"start":{"line":9,"column":28},"end":{"line":121,"column":1}},"line":9},"1":{"name":"(anonymous_1)","decl":{"start":{"line":14,"column":29},"end":{"line":14,"column":30}},"loc":{"start":{"line":14,"column":41},"end":{"line":26,"column":3}},"line":14},"2":{"name":"(anonymous_2)","decl":{"start":{"line":28,"column":12},"end":{"line":28,"column":13}},"loc":{"start":{"line":28,"column":18},"end":{"line":30,"column":3}},"line":28},"3":{"name":"(anonymous_3)","decl":{"start":{"line":32,"column":26},"end":{"line":32,"column":27}},"loc":{"start":{"line":32,"column":39},"end":{"line":42,"column":3}},"line":32},"4":{"name":"(anonymous_4)","decl":{"start":{"line":44,"column":22},"end":{"line":44,"column":23}},"loc":{"start":{"line":44,"column":40},"end":{"line":55,"column":3}},"line":44},"5":{"name":"(anonymous_5)","decl":{"start":{"line":49,"column":19},"end":{"line":49,"column":20}},"loc":{"start":{"line":49,"column":29},"end":{"line":49,"column":70}},"line":49},"6":{"name":"(anonymous_6)","decl":{"start":{"line":49,"column":41},"end":{"line":49,"column":42}},"loc":{"start":{"line":49,"column":51},"end":{"line":49,"column":69}},"line":49},"7":{"name":"(anonymous_7)","decl":{"start":{"line":84,"column":23},"end":{"line":84,"column":24}},"loc":{"start":{"line":85,"column":10},"end":{"line":116,"column":16}},"line":85},"8":{"name":"(anonymous_8)","decl":{"start":{"line":112,"column":25},"end":{"line":112,"column":26}},"loc":{"start":{"line":112,"column":31},"end":{"line":112,"column":50}},"line":112}},"branchMap":{"0":{"loc":{"start":{"line":16,"column":6},"end":{"line":20,"column":7}},"type":"if","locations":[{"start":{"line":16,"column":6},"end":{"line":20,"column":7}},{"start":{},"end":{}}],"line":16},"1":{"loc":{"start":{"line":19,"column":21},"end":{"line":19,"column":43}},"type":"binary-expr","locations":[{"start":{"line":19,"column":21},"end":{"line":19,"column":37}},{"start":{"line":19,"column":41},"end":{"line":19,"column":43}}],"line":19},"2":{"loc":{"start":{"line":57,"column":2},"end":{"line":67,"column":3}},"type":"if","locations":[{"start":{"line":57,"column":2},"end":{"line":67,"column":3}},{"start":{},"end":{}}],"line":57},"3":{"loc":{"start":{"line":69,"column":2},"end":{"line":78,"column":3}},"type":"if","locations":[{"start":{"line":69,"column":2},"end":{"line":78,"column":3}},{"start":{},"end":{}}],"line":69},"4":{"loc":{"start":{"line":106,"column":18},"end":{"line":106,"column":78}},"type":"cond-expr","locations":[{"start":{"line":106,"column":48},"end":{"line":106,"column":61}},{"start":{"line":106,"column":64},"end":{"line":106,"column":78}}],"line":106}},"s":{"0":1,"1":0,"2":0,"3":0,"4":0,"5":0,"6":0,"7":0,"8":0,"9":0,"10":0,"11":0,"12":0,"13":0,"14":0,"15":0,"16":0,"17":0,"18":0,"19":0,"20":0,"21":0,"22":0,"23":0,"24":0,"25":0,"26":0,"27":0,"28":0,"29":0,"30":0,"31":0,"32":0,"33":0},"f":{"0":0,"1":0,"2":0,"3":0,"4":0,"5":0,"6":0,"7":0,"8":0},"b":{"0":[0,0],"1":[0,0],"2":[0,0],"3":[0,0],"4":[0,0]},"_coverageSchema":"1a1c01bbd47fc00a2c39e90264f33305004495a9","hash":"97d534c15ee37b15e468fb65eb9632f7ec795d14"}
,"C:\\Users\\ashut\\OneDrive\\Desktop\\my folders\\netflix-clone\\frontend\\src\\pages\\home\\Ai_summery.jsx": {"path":"C:\\Users\\ashut\\OneDrive\\Desktop\\my folders\\netflix-clone\\frontend\\src\\pages\\home\\Ai_summery.jsx","statementMap":{"0":{"start":{"line":4,"column":18},"end":{"line":65,"column":1}},"1":{"start":{"line":5,"column":4},"end":{"line":5,"column":25}},"2":{"start":{"line":6,"column":32},"end":{"line":6,"column":47}},"3":{"start":{"line":7,"column":30},"end":{"line":7,"column":44}},"4":{"start":{"line":8,"column":28},"end":{"line":8,"column":42}},"5":{"start":{"line":10,"column":23},"end":{"line":25,"column":1}},"6":{"start":{"line":11,"column":2},"end":{"line":11,"column":32}},"7":{"start":{"line":12,"column":2},"end":{"line":12,"column":24}},"8":{"start":{"line":12,"column":17},"end":{"line":12,"column":24}},"9":{"start":{"line":13,"column":2},"end":{"line":13,"column":19}},"10":{"start":{"line":14,"column":2},"end":{"line":14,"column":17}},"11":{"start":{"line":15,"column":2},"end":{"line":24,"column":3}},"12":{"start":{"line":16,"column":16},"end":{"line":16,"column":77}},"13":{"start":{"line":17,"column":4},"end":{"line":17,"column":39}},"14":{"start":{"line":18,"column":4},"end":{"line":18,"column":24}},"15":{"start":{"line":20,"column":4},"end":{"line":20,"column":23}},"16":{"start":{"line":21,"column":4},"end":{"line":21,"column":42}},"17":{"start":{"line":23,"column":4},"end":{"line":23,"column":22}},"18":{"start":{"line":28,"column":2},"end":{"line":64,"column":4}}},"fnMap":{"0":{"name":"(anonymous_0)","decl":{"start":{"line":4,"column":18},"end":{"line":4,"column":19}},"loc":{"start":{"line":4,"column":36},"end":{"line":65,"column":1}},"line":4},"1":{"name":"(anonymous_1)","decl":{"start":{"line":10,"column":23},"end":{"line":10,"column":24}},"loc":{"start":{"line":10,"column":35},"end":{"line":25,"column":1}},"line":10}},"branchMap":{"0":{"loc":{"start":{"line":12,"column":2},"end":{"line":12,"column":24}},"type":"if","locations":[{"start":{"line":12,"column":2},"end":{"line":12,"column":24}},{"start":{},"end":{}}],"line":12},"1":{"loc":{"start":{"line":32,"column":7},"end":{"line":39,"column":7}},"type":"binary-expr","locations":[{"start":{"line":32,"column":7},"end":{"line":32,"column":14}},{"start":{"line":32,"column":18},"end":{"line":32,"column":26}},{"start":{"line":33,"column":8},"end":{"line":38,"column":17}}],"line":32},"2":{"loc":{"start":{"line":41,"column":7},"end":{"line":48,"column":7}},"type":"binary-expr","locations":[{"start":{"line":41,"column":7},"end":{"line":41,"column":14}},{"start":{"line":42,"column":8},"end":{"line":47,"column":14}}],"line":41},"3":{"loc":{"start":{"line":50,"column":7},"end":{"line":50,"column":60}},"type":"binary-expr","locations":[{"start":{"line":50,"column":7},"end":{"line":50,"column":12}},{"start":{"line":50,"column":16},"end":{"line":50,"column":60}}],"line":50},"4":{"loc":{"start":{"line":52,"column":7},"end":{"line":62,"column":7}},"type":"binary-expr","locations":[{"start":{"line":52,"column":7},"end":{"line":52,"column":13}},{"start":{"line":53,"column":8},"end":{"line":61,"column":14}}],"line":52}},"s":{"0":1,"1":0,"2":0,"3":0,"4":0,"5":0,"6":0,"7":0,"8":0,"9":0,"10":0,"11":0,"12":0,"13":0,"14":0,"15":0,"16":0,"17":0,"18":0},"f":{"0":0,"1":0},"b":{"0":[0,0],"1":[0,0,0],"2":[0,0],"3":[0,0],"4":[0,0]},"_coverageSchema":"1a1c01bbd47fc00a2c39e90264f33305004495a9","hash":"b8b2a03e5a1e727587ca8df382fe8890377af8e0"}
,"C:\\Users\\ashut\\OneDrive\\Desktop\\my folders\\netflix-clone\\frontend\\src\\pages\\home\\AuthHome.jsx": {"path":"C:\\Users\\ashut\\OneDrive\\Desktop\\my folders\\netflix-clone\\frontend\\src\\pages\\home\\AuthHome.jsx","statementMap":{"0":{"start":{"line":4,"column":17},"end":{"line":167,"column":1}},"1":{"start":{"line":5,"column":18},"end":{"line":5,"column":26}},"2":{"start":{"line":6,"column":17},"end":{"line":6,"column":30}},"3":{"start":{"line":8,"column":21},"end":{"line":11,"column":3}},"4":{"start":{"line":9,"column":2},"end":{"line":9,"column":20}},"5":{"start":{"line":10,"column":2},"end":{"line":10,"column":54}},"6":{"start":{"line":12,"column":2},"end":{"line":166,"column":4}}},"fnMap":{"0":{"name":"(anonymous_0)","decl":{"start":{"line":4,"column":17},"end":{"line":4,"column":18}},"loc":{"start":{"line":4,"column":23},"end":{"line":167,"column":1}},"line":4},"1":{"name":"(anonymous_1)","decl":{"start":{"line":8,"column":21},"end":{"line":8,"column":22}},"loc":{"start":{"line":8,"column":26},"end":{"line":11,"column":3}},"line":8}},"branchMap":{},"s":{"0":1,"1":0,"2":0,"3":0,"4":0,"5":0,"6":0},"f":{"0":0,"1":0},"b":{},"_coverageSchema":"1a1c01bbd47fc00a2c39e90264f33305004495a9","hash":"e1b03c034016cd70b847eccb416e085753859314"}
,"C:\\Users\\ashut\\OneDrive\\Desktop\\my folders\\netflix-clone\\frontend\\src\\pages\\home\\NoAuth.jsx": {"path":"C:\\Users\\ashut\\OneDrive\\Desktop\\my folders\\netflix-clone\\frontend\\src\\pages\\home\\NoAuth.jsx","statementMap":{"0":{"start":{"line":14,"column":15},"end":{"line":70,"column":1}},"1":{"start":{"line":15,"column":20},"end":{"line":15,"column":36}},"2":{"start":{"line":16,"column":23},"end":{"line":16,"column":35}},"3":{"start":{"line":17,"column":32},"end":{"line":17,"column":46}},"4":{"start":{"line":18,"column":3},"end":{"line":18,"column":39}},"5":{"start":{"line":20,"column":3},"end":{"line":29,"column":6}},"6":{"start":{"line":21,"column":4},"end":{"line":29,"column":6}},"7":{"start":{"line":31,"column":2},"end":{"line":69,"column":3}},"8":{"start":{"line":38,"column":23},"end":{"line":38,"column":42}},"9":{"start":{"line":62,"column":58},"end":{"line":62,"column":102}},"10":{"start":{"line":63,"column":30},"end":{"line":63,"column":73}}},"fnMap":{"0":{"name":"(anonymous_0)","decl":{"start":{"line":14,"column":15},"end":{"line":14,"column":16}},"loc":{"start":{"line":14,"column":21},"end":{"line":70,"column":1}},"line":14},"1":{"name":"(anonymous_1)","decl":{"start":{"line":38,"column":19},"end":{"line":38,"column":20}},"loc":{"start":{"line":38,"column":23},"end":{"line":38,"column":42}},"line":38},"2":{"name":"(anonymous_2)","decl":{"start":{"line":62,"column":46},"end":{"line":62,"column":47}},"loc":{"start":{"line":62,"column":58},"end":{"line":62,"column":102}},"line":62},"3":{"name":"(anonymous_3)","decl":{"start":{"line":63,"column":18},"end":{"line":63,"column":19}},"loc":{"start":{"line":63,"column":30},"end":{"line":63,"column":73}},"line":63}},"branchMap":{"0":{"loc":{"start":{"line":20,"column":3},"end":{"line":29,"column":6}},"type":"if","locations":[{"start":{"line":20,"column":3},"end":{"line":29,"column":6}},{"start":{},"end":{}}],"line":20},"1":{"loc":{"start":{"line":35,"column":7},"end":{"line":36,"column":125}},"type":"binary-expr","locations":[{"start":{"line":35,"column":7},"end":{"line":35,"column":14}},{"start":{"line":36,"column":7},"end":{"line":36,"column":125}}],"line":35},"2":{"loc":{"start":{"line":44,"column":58},"end":{"line":44,"column":91}},"type":"binary-expr","locations":[{"start":{"line":44,"column":58},"end":{"line":44,"column":73}},{"start":{"line":44,"column":77},"end":{"line":44,"column":91}}],"line":44},"3":{"loc":{"start":{"line":45,"column":42},"end":{"line":46,"column":52}},"type":"binary-expr","locations":[{"start":{"line":45,"column":42},"end":{"line":45,"column":79}},{"start":{"line":46,"column":13},"end":{"line":46,"column":52}}],"line":45},"4":{"loc":{"start":{"line":46,"column":62},"end":{"line":46,"column":91}},"type":"cond-expr","locations":[{"start":{"line":46,"column":78},"end":{"line":46,"column":83}},{"start":{"line":46,"column":84},"end":{"line":46,"column":91}}],"line":46},"5":{"loc":{"start":{"line":50,"column":13},"end":{"line":50,"column":102}},"type":"cond-expr","locations":[{"start":{"line":50,"column":43},"end":{"line":50,"column":83}},{"start":{"line":50,"column":84},"end":{"line":50,"column":102}}],"line":50},"6":{"loc":{"start":{"line":62,"column":2},"end":{"line":63,"column":74}},"type":"cond-expr","locations":[{"start":{"line":62,"column":27},"end":{"line":62,"column":103}},{"start":{"line":63,"column":2},"end":{"line":63,"column":74}}],"line":62}},"s":{"0":1,"1":0,"2":0,"3":0,"4":0,"5":0,"6":0,"7":0,"8":0,"9":0,"10":0},"f":{"0":0,"1":0,"2":0,"3":0},"b":{"0":[0,0],"1":[0,0],"2":[0,0],"3":[0,0],"4":[0,0],"5":[0,0],"6":[0,0]},"_coverageSchema":"1a1c01bbd47fc00a2c39e90264f33305004495a9","hash":"e8d47b3174e66e75a0a2045dbc96243f71c20619"}
,"C:\\Users\\ashut\\OneDrive\\Desktop\\my folders\\netflix-clone\\frontend\\src\\pages\\home\\OurHome.jsx": {"path":"C:\\Users\\ashut\\OneDrive\\Desktop\\my folders\\netflix-clone\\frontend\\src\\pages\\home\\OurHome.jsx","statementMap":{"0":{"start":{"line":5,"column":16},"end":{"line":13,"column":1}},"1":{"start":{"line":6,"column":17},"end":{"line":6,"column":31}},"2":{"start":{"line":7,"column":4},"end":{"line":7,"column":39}},"3":{"start":{"line":8,"column":2},"end":{"line":12,"column":3}}},"fnMap":{"0":{"name":"(anonymous_0)","decl":{"start":{"line":5,"column":16},"end":{"line":5,"column":17}},"loc":{"start":{"line":5,"column":22},"end":{"line":13,"column":1}},"line":5}},"branchMap":{"0":{"loc":{"start":{"line":10,"column":5},"end":{"line":10,"column":50}},"type":"cond-expr","locations":[{"start":{"line":10,"column":11},"end":{"line":10,"column":32}},{"start":{"line":10,"column":33},"end":{"line":10,"column":50}}],"line":10}},"s":{"0":1,"1":0,"2":0,"3":0},"f":{"0":0},"b":{"0":[0,0]},"_coverageSchema":"1a1c01bbd47fc00a2c39e90264f33305004495a9","hash":"2fe336de430c0b09c668da56b1a62313e782d423"}
,"C:\\Users\\ashut\\OneDrive\\Desktop\\my folders\\netflix-clone\\frontend\\src\\pages\\home\\Watch.jsx": {"path":"C:\\Users\\ashut\\OneDrive\\Desktop\\my folders\\netflix-clone\\frontend\\src\\pages\\home\\Watch.jsx","statementMap":{"0":{"start":{"line":12,"column":24},"end":{"line":18,"column":1}},"1":{"start":{"line":13,"column":2},"end":{"line":17,"column":5}},"2":{"start":{"line":20,"column":14},"end":{"line":275,"column":1}},"3":{"start":{"line":21,"column":17},"end":{"line":21,"column":28}},"4":{"start":{"line":22,"column":44},"end":{"line":22,"column":56}},"5":{"start":{"line":23,"column":32},"end":{"line":23,"column":46}},"6":{"start":{"line":24,"column":32},"end":{"line":24,"column":44}},"7":{"start":{"line":25,"column":46},"end":{"line":25,"column":58}},"8":{"start":{"line":26,"column":42},"end":{"line":26,"column":53}},"9":{"start":{"line":27,"column":36},"end":{"line":27,"column":51}},"10":{"start":{"line":29,"column":26},"end":{"line":29,"column":38}},"11":{"start":{"line":30,"column":17},"end":{"line":30,"column":70}},"12":{"start":{"line":33,"column":2},"end":{"line":46,"column":24}},"13":{"start":{"line":34,"column":4},"end":{"line":34,"column":21}},"14":{"start":{"line":35,"column":21},"end":{"line":44,"column":5}},"15":{"start":{"line":36,"column":6},"end":{"line":43,"column":7}},"16":{"start":{"line":37,"column":20},"end":{"line":37,"column":77}},"17":{"start":{"line":38,"column":8},"end":{"line":38,"column":43}},"18":{"start":{"line":40,"column":8},"end":{"line":40,"column":59}},"19":{"start":{"line":42,"column":8},"end":{"line":42,"column":26}},"20":{"start":{"line":45,"column":4},"end":{"line":45,"column":15}},"21":{"start":{"line":49,"column":2},"end":{"line":62,"column":24}},"22":{"start":{"line":50,"column":21},"end":{"line":60,"column":5}},"23":{"start":{"line":51,"column":6},"end":{"line":51,"column":23}},"24":{"start":{"line":52,"column":6},"end":{"line":59,"column":7}},"25":{"start":{"line":53,"column":20},"end":{"line":53,"column":76}},"26":{"start":{"line":54,"column":8},"end":{"line":54,"column":37}},"27":{"start":{"line":56,"column":8},"end":{"line":56,"column":52}},"28":{"start":{"line":56,"column":37},"end":{"line":56,"column":52}},"29":{"start":{"line":58,"column":8},"end":{"line":58,"column":26}},"30":{"start":{"line":61,"column":4},"end":{"line":61,"column":15}},"31":{"start":{"line":65,"column":2},"end":{"line":78,"column":24}},"32":{"start":{"line":66,"column":21},"end":{"line":76,"column":5}},"33":{"start":{"line":67,"column":6},"end":{"line":67,"column":23}},"34":{"start":{"line":68,"column":6},"end":{"line":75,"column":7}},"35":{"start":{"line":69,"column":20},"end":{"line":69,"column":75}},"36":{"start":{"line":70,"column":8},"end":{"line":70,"column":44}},"37":{"start":{"line":72,"column":8},"end":{"line":72,"column":59}},"38":{"start":{"line":72,"column":37},"end":{"line":72,"column":59}},"39":{"start":{"line":74,"column":8},"end":{"line":74,"column":26}},"40":{"start":{"line":77,"column":4},"end":{"line":77,"column":15}},"41":{"start":{"line":81,"column":26},"end":{"line":83,"column":3}},"42":{"start":{"line":82,"column":4},"end":{"line":82,"column":77}},"43":{"start":{"line":82,"column":43},"end":{"line":82,"column":77}},"44":{"start":{"line":85,"column":30},"end":{"line":87,"column":3}},"45":{"start":{"line":86,"column":4},"end":{"line":86,"column":60}},"46":{"start":{"line":86,"column":26},"end":{"line":86,"column":60}},"47":{"start":{"line":90,"column":20},"end":{"line":90,"column":28}},"48":{"start":{"line":91,"column":21},"end":{"line":96,"column":3}},"49":{"start":{"line":92,"column":4},"end":{"line":95,"column":7}},"50":{"start":{"line":97,"column":20},"end":{"line":102,"column":3}},"51":{"start":{"line":98,"column":4},"end":{"line":101,"column":7}},"52":{"start":{"line":104,"column":2},"end":{"line":110,"column":3}},"53":{"start":{"line":105,"column":4},"end":{"line":109,"column":6}},"54":{"start":{"line":112,"column":2},"end":{"line":124,"column":3}},"55":{"start":{"line":113,"column":4},"end":{"line":113,"column":22}},"56":{"start":{"line":114,"column":4},"end":{"line":123,"column":6}},"57":{"start":{"line":126,"column":2},"end":{"line":274,"column":4}},"58":{"start":{"line":223,"column":32},"end":{"line":223,"column":50}},"59":{"start":{"line":224,"column":32},"end":{"line":224,"column":51}},"60":{"start":{"line":231,"column":16},"end":{"line":231,"column":59}},"61":{"start":{"line":231,"column":47},"end":{"line":231,"column":59}},"62":{"start":{"line":232,"column":16},"end":{"line":249,"column":18}}},"fnMap":{"0":{"name":"(anonymous_0)","decl":{"start":{"line":12,"column":24},"end":{"line":12,"column":25}},"loc":{"start":{"line":12,"column":34},"end":{"line":18,"column":1}},"line":12},"1":{"name":"(anonymous_1)","decl":{"start":{"line":20,"column":14},"end":{"line":20,"column":15}},"loc":{"start":{"line":20,"column":20},"end":{"line":275,"column":1}},"line":20},"2":{"name":"(anonymous_2)","decl":{"start":{"line":33,"column":12},"end":{"line":33,"column":13}},"loc":{"start":{"line":33,"column":18},"end":{"line":46,"column":3}},"line":33},"3":{"name":"(anonymous_3)","decl":{"start":{"line":35,"column":21},"end":{"line":35,"column":22}},"loc":{"start":{"line":35,"column":33},"end":{"line":44,"column":5}},"line":35},"4":{"name":"(anonymous_4)","decl":{"start":{"line":49,"column":12},"end":{"line":49,"column":13}},"loc":{"start":{"line":49,"column":18},"end":{"line":62,"column":3}},"line":49},"5":{"name":"(anonymous_5)","decl":{"start":{"line":50,"column":21},"end":{"line":50,"column":22}},"loc":{"start":{"line":50,"column":33},"end":{"line":60,"column":5}},"line":50},"6":{"name":"(anonymous_6)","decl":{"start":{"line":65,"column":12},"end":{"line":65,"column":13}},"loc":{"start":{"line":65,"column":18},"end":{"line":78,"column":3}},"line":65},"7":{"name":"(anonymous_7)","decl":{"start":{"line":66,"column":21},"end":{"line":66,"column":22}},"loc":{"start":{"line":66,"column":33},"end":{"line":76,"column":5}},"line":66},"8":{"name":"(anonymous_8)","decl":{"start":{"line":81,"column":26},"end":{"line":81,"column":27}},"loc":{"start":{"line":81,"column":32},"end":{"line":83,"column":3}},"line":81},"9":{"name":"(anonymous_9)","decl":{"start":{"line":85,"column":30},"end":{"line":85,"column":31}},"loc":{"start":{"line":85,"column":36},"end":{"line":87,"column":3}},"line":85},"10":{"name":"(anonymous_10)","decl":{"start":{"line":91,"column":21},"end":{"line":91,"column":22}},"loc":{"start":{"line":91,"column":27},"end":{"line":96,"column":3}},"line":91},"11":{"name":"(anonymous_11)","decl":{"start":{"line":97,"column":20},"end":{"line":97,"column":21}},"loc":{"start":{"line":97,"column":26},"end":{"line":102,"column":3}},"line":97},"12":{"name":"(anonymous_12)","decl":{"start":{"line":223,"column":26},"end":{"line":223,"column":27}},"loc":{"start":{"line":223,"column":32},"end":{"line":223,"column":50}},"line":223},"13":{"name":"(anonymous_13)","decl":{"start":{"line":224,"column":26},"end":{"line":224,"column":27}},"loc":{"start":{"line":224,"column":32},"end":{"line":224,"column":51}},"line":224},"14":{"name":"(anonymous_14)","decl":{"start":{"line":230,"column":34},"end":{"line":230,"column":35}},"loc":{"start":{"line":230,"column":44},"end":{"line":250,"column":15}},"line":230}},"branchMap":{"0":{"loc":{"start":{"line":30,"column":17},"end":{"line":30,"column":70}},"type":"cond-expr","locations":[{"start":{"line":30,"column":44},"end":{"line":30,"column":57}},{"start":{"line":30,"column":60},"end":{"line":30,"column":70}}],"line":30},"1":{"loc":{"start":{"line":56,"column":8},"end":{"line":56,"column":52}},"type":"if","locations":[{"start":{"line":56,"column":8},"end":{"line":56,"column":52}},{"start":{},"end":{}}],"line":56},"2":{"loc":{"start":{"line":72,"column":8},"end":{"line":72,"column":59}},"type":"if","locations":[{"start":{"line":72,"column":8},"end":{"line":72,"column":59}},{"start":{},"end":{}}],"line":72},"3":{"loc":{"start":{"line":82,"column":4},"end":{"line":82,"column":77}},"type":"if","locations":[{"start":{"line":82,"column":4},"end":{"line":82,"column":77}},{"start":{},"end":{}}],"line":82},"4":{"loc":{"start":{"line":86,"column":4},"end":{"line":86,"column":60}},"type":"if","locations":[{"start":{"line":86,"column":4},"end":{"line":86,"column":60}},{"start":{},"end":{}}],"line":86},"5":{"loc":{"start":{"line":104,"column":2},"end":{"line":110,"column":3}},"type":"if","locations":[{"start":{"line":104,"column":2},"end":{"line":110,"column":3}},{"start":{},"end":{}}],"line":104},"6":{"loc":{"start":{"line":112,"column":2},"end":{"line":124,"column":3}},"type":"if","locations":[{"start":{"line":112,"column":2},"end":{"line":124,"column":3}},{"start":{},"end":{}}],"line":112},"7":{"loc":{"start":{"line":112,"column":6},"end":{"line":112,"column":51}},"type":"binary-expr","locations":[{"start":{"line":112,"column":6},"end":{"line":112,"column":21}},{"start":{"line":112,"column":25},"end":{"line":112,"column":33}},{"start":{"line":112,"column":37},"end":{"line":112,"column":51}}],"line":112},"8":{"loc":{"start":{"line":132,"column":9},"end":{"line":156,"column":9}},"type":"binary-expr","locations":[{"start":{"line":132,"column":9},"end":{"line":132,"column":27}},{"start":{"line":133,"column":10},"end":{"line":155,"column":16}}],"line":132},"9":{"loc":{"start":{"line":138,"column":16},"end":{"line":138,"column":73}},"type":"cond-expr","locations":[{"start":{"line":138,"column":37},"end":{"line":138,"column":68}},{"start":{"line":138,"column":71},"end":{"line":138,"column":73}}],"line":138},"10":{"loc":{"start":{"line":148,"column":16},"end":{"line":150,"column":22}},"type":"cond-expr","locations":[{"start":{"line":149,"column":20},"end":{"line":149,"column":51}},{"start":{"line":150,"column":20},"end":{"line":150,"column":22}}],"line":148},"11":{"loc":{"start":{"line":160,"column":11},"end":{"line":175,"column":11}},"type":"cond-expr","locations":[{"start":{"line":161,"column":12},"end":{"line":167,"column":14}},{"start":{"line":169,"column":12},"end":{"line":174,"column":17}}],"line":160},"12":{"loc":{"start":{"line":172,"column":17},"end":{"line":172,"column":60}},"type":"binary-expr","locations":[{"start":{"line":172,"column":17},"end":{"line":172,"column":37}},{"start":{"line":172,"column":41},"end":{"line":172,"column":60}}],"line":172},"13":{"loc":{"start":{"line":183,"column":17},"end":{"line":183,"column":60}},"type":"binary-expr","locations":[{"start":{"line":183,"column":17},"end":{"line":183,"column":37}},{"start":{"line":183,"column":41},"end":{"line":183,"column":60}}],"line":183},"14":{"loc":{"start":{"line":188,"column":18},"end":{"line":188,"column":78}},"type":"binary-expr","locations":[{"start":{"line":188,"column":18},"end":{"line":188,"column":45}},{"start":{"line":188,"column":49},"end":{"line":188,"column":78}}],"line":188},"15":{"loc":{"start":{"line":191,"column":17},"end":{"line":195,"column":17}},"type":"cond-expr","locations":[{"start":{"line":192,"column":18},"end":{"line":192,"column":59}},{"start":{"line":194,"column":18},"end":{"line":194,"column":63}}],"line":191},"16":{"loc":{"start":{"line":219,"column":21},"end":{"line":219,"column":69}},"type":"cond-expr","locations":[{"start":{"line":219,"column":48},"end":{"line":219,"column":56}},{"start":{"line":219,"column":59},"end":{"line":219,"column":69}}],"line":219},"17":{"loc":{"start":{"line":231,"column":16},"end":{"line":231,"column":59}},"type":"if","locations":[{"start":{"line":231,"column":16},"end":{"line":231,"column":59}},{"start":{},"end":{}}],"line":231},"18":{"loc":{"start":{"line":246,"column":23},"end":{"line":246,"column":55}},"type":"binary-expr","locations":[{"start":{"line":246,"column":23},"end":{"line":246,"column":42}},{"start":{"line":246,"column":46},"end":{"line":246,"column":55}}],"line":246},"19":{"loc":{"start":{"line":253,"column":13},"end":{"line":269,"column":13}},"type":"binary-expr","locations":[{"start":{"line":253,"column":13},"end":{"line":253,"column":22}},{"start":{"line":254,"column":14},"end":{"line":268,"column":17}}],"line":253}},"s":{"0":1,"1":0,"2":1,"3":0,"4":0,"5":0,"6":0,"7":0,"8":0,"9":0,"10":0,"11":0,"12":0,"13":0,"14":0,"15":0,"16":0,"17":0,"18":0,"19":0,"20":0,"21":0,"22":0,"23":0,"24":0,"25":0,"26":0,"27":0,"28":0,"29":0,"30":0,"31":0,"32":0,"33":0,"34":0,"35":0,"36":0,"37":0,"38":0,"39":0,"40":0,"41":0,"42":0,"43":0,"44":0,"45":0,"46":0,"47":0,"48":0,"49":0,"50":0,"51":0,"52":0,"53":0,"54":0,"55":0,"56":0,"57":0,"58":0,"59":0,"60":0,"61":0,"62":0},"f":{"0":0,"1":0,"2":0,"3":0,"4":0,"5":0,"6":0,"7":0,"8":0,"9":0,"10":0,"11":0,"12":0,"13":0,"14":0},"b":{"0":[0,0],"1":[0,0],"2":[0,0],"3":[0,0],"4":[0,0],"5":[0,0],"6":[0,0],"7":[0,0,0],"8":[0,0],"9":[0,0],"10":[0,0],"11":[0,0],"12":[0,0],"13":[0,0],"14":[0,0],"15":[0,0],"16":[0,0],"17":[0,0],"18":[0,0],"19":[0,0]},"_coverageSchema":"1a1c01bbd47fc00a2c39e90264f33305004495a9","hash":"61bced656946878da0e7d63dc69f41de3220a4a6"}
,"C:\\Users\\ashut\\OneDrive\\Desktop\\my folders\\netflix-clone\\frontend\\src\\store\\content.jsx": {"path":"C:\\Users\\ashut\\OneDrive\\Desktop\\my folders\\netflix-clone\\frontend\\src\\store\\content.jsx","statementMap":{"0":{"start":{"line":2,"column":24},"end":{"line":7,"column":3}},"1":{"start":{"line":2,"column":39},"end":{"line":7,"column":1}},"2":{"start":{"line":5,"column":2},"end":{"line":5,"column":25}}},"fnMap":{"0":{"name":"(anonymous_0)","decl":{"start":{"line":2,"column":31},"end":{"line":2,"column":32}},"loc":{"start":{"line":2,"column":39},"end":{"line":7,"column":1}},"line":2},"1":{"name":"(anonymous_1)","decl":{"start":{"line":4,"column":15},"end":{"line":4,"column":16}},"loc":{"start":{"line":4,"column":23},"end":{"line":6,"column":1}},"line":4}},"branchMap":{},"s":{"0":1,"1":1,"2":0},"f":{"0":1,"1":0},"b":{},"_coverageSchema":"1a1c01bbd47fc00a2c39e90264f33305004495a9","hash":"e0512a36215ee3b1ce7e9fe82bd2bb96169355b1"}
,"C:\\Users\\ashut\\OneDrive\\Desktop\\my folders\\netflix-clone\\frontend\\src\\store\\zustand.jsx": {"path":"C:\\Users\\ashut\\OneDrive\\Desktop\\my folders\\netflix-clone\\frontend\\src\\store\\zustand.jsx","statementMap":{"0":{"start":{"line":5,"column":28},"end":{"line":89,"column":3}},"1":{"start":{"line":5,"column":45},"end":{"line":89,"column":1}},"2":{"start":{"line":15,"column":4},"end":{"line":15,"column":28}},"3":{"start":{"line":16,"column":4},"end":{"line":23,"column":5}},"4":{"start":{"line":17,"column":23},"end":{"line":17,"column":75}},"5":{"start":{"line":18,"column":6},"end":{"line":18,"column":57}},"6":{"start":{"line":19,"column":6},"end":{"line":19,"column":44}},"7":{"start":{"line":21,"column":6},"end":{"line":21,"column":65}},"8":{"start":{"line":22,"column":6},"end":{"line":22,"column":31}},"9":{"start":{"line":28,"column":4},"end":{"line":28,"column":27}},"10":{"start":{"line":29,"column":4},"end":{"line":36,"column":5}},"11":{"start":{"line":30,"column":18},"end":{"line":30,"column":69}},"12":{"start":{"line":31,"column":6},"end":{"line":31,"column":51}},"13":{"start":{"line":32,"column":6},"end":{"line":32,"column":58}},"14":{"start":{"line":34,"column":6},"end":{"line":34,"column":64}},"15":{"start":{"line":35,"column":6},"end":{"line":35,"column":42}},"16":{"start":{"line":41,"column":4},"end":{"line":41,"column":28}},"17":{"start":{"line":42,"column":4},"end":{"line":49,"column":5}},"18":{"start":{"line":43,"column":6},"end":{"line":43,"column":46}},"19":{"start":{"line":44,"column":6},"end":{"line":44,"column":62}},"20":{"start":{"line":45,"column":6},"end":{"line":45,"column":48}},"21":{"start":{"line":47,"column":6},"end":{"line":47,"column":65}},"22":{"start":{"line":48,"column":6},"end":{"line":48,"column":31}},"23":{"start":{"line":54,"column":4},"end":{"line":54,"column":34}},"24":{"start":{"line":55,"column":4},"end":{"line":62,"column":5}},"25":{"start":{"line":56,"column":23},"end":{"line":58,"column":8}},"26":{"start":{"line":59,"column":6},"end":{"line":59,"column":63}},"27":{"start":{"line":61,"column":6},"end":{"line":61,"column":49}}},"fnMap":{"0":{"name":"(anonymous_0)","decl":{"start":{"line":5,"column":35},"end":{"line":5,"column":36}},"loc":{"start":{"line":5,"column":45},"end":{"line":89,"column":1}},"line":5},"1":{"name":"(anonymous_1)","decl":{"start":{"line":14,"column":13},"end":{"line":14,"column":14}},"loc":{"start":{"line":14,"column":36},"end":{"line":24,"column":3}},"line":14},"2":{"name":"(anonymous_2)","decl":{"start":{"line":27,"column":9},"end":{"line":27,"column":10}},"loc":{"start":{"line":27,"column":32},"end":{"line":37,"column":3}},"line":27},"3":{"name":"(anonymous_3)","decl":{"start":{"line":40,"column":10},"end":{"line":40,"column":11}},"loc":{"start":{"line":40,"column":22},"end":{"line":50,"column":3}},"line":40},"4":{"name":"(anonymous_4)","decl":{"start":{"line":53,"column":13},"end":{"line":53,"column":14}},"loc":{"start":{"line":53,"column":25},"end":{"line":63,"column":3}},"line":53}},"branchMap":{"0":{"loc":{"start":{"line":21,"column":18},"end":{"line":21,"column":63}},"type":"binary-expr","locations":[{"start":{"line":21,"column":18},"end":{"line":21,"column":43}},{"start":{"line":21,"column":47},"end":{"line":21,"column":63}}],"line":21},"1":{"loc":{"start":{"line":34,"column":18},"end":{"line":34,"column":62}},"type":"binary-expr","locations":[{"start":{"line":34,"column":18},"end":{"line":34,"column":43}},{"start":{"line":34,"column":47},"end":{"line":34,"column":62}}],"line":34},"2":{"loc":{"start":{"line":47,"column":18},"end":{"line":47,"column":63}},"type":"binary-expr","locations":[{"start":{"line":47,"column":18},"end":{"line":47,"column":43}},{"start":{"line":47,"column":47},"end":{"line":47,"column":63}}],"line":47}},"s":{"0":1,"1":1,"2":0,"3":0,"4":0,"5":0,"6":0,"7":0,"8":0,"9":0,"10":0,"11":0,"12":0,"13":0,"14":0,"15":0,"16":0,"17":0,"18":0,"19":0,"20":0,"21":0,"22":0,"23":1,"24":1,"25":1,"26":0,"27":0},"f":{"0":1,"1":0,"2":0,"3":0,"4":1},"b":{"0":[0,0],"1":[0,0],"2":[0,0]},"_coverageSchema":"1a1c01bbd47fc00a2c39e90264f33305004495a9","hash":"e835a467985c3c580201b6552297f5e612a4946d"}
,"C:\\Users\\ashut\\OneDrive\\Desktop\\my folders\\netflix-clone\\frontend\\src\\utils\\constant.js": {"path":"C:\\Users\\ashut\\OneDrive\\Desktop\\my folders\\netflix-clone\\frontend\\src\\utils\\constant.js","statementMap":{"0":{"start":{"line":1,"column":27},"end":{"line":1,"column":60}},"1":{"start":{"line":2,"column":25},"end":{"line":2,"column":62}},"2":{"start":{"line":3,"column":28},"end":{"line":3,"column":76}},"3":{"start":{"line":4,"column":25},"end":{"line":4,"column":76}}},"fnMap":{},"branchMap":{},"s":{"0":1,"1":1,"2":1,"3":1},"f":{},"b":{},"_coverageSchema":"1a1c01bbd47fc00a2c39e90264f33305004495a9","hash":"58b9b4ae7c8fc02b1842a08985de5a76bd1e9536"}
}
