{"C:\\Users\\ashut\\OneDrive\\Desktop\\my folders\\netflix-clone\\backend\\server.js": {"path":"C:\\Users\\ashut\\OneDrive\\Desktop\\my folders\\netflix-clone\\backend\\server.js","statementMap":{"0":{"start":{"line":15,"column":19},"end":{"line":15,"column":49}},"1":{"start":{"line":16,"column":18},"end":{"line":16,"column":42}},"2":{"start":{"line":17,"column":21},"end":{"line":17,"column":64}},"3":{"start":{"line":19,"column":12},"end":{"line":19,"column":21}},"4":{"start":{"line":20,"column":13},"end":{"line":20,"column":26}},"5":{"start":{"line":23,"column":0},"end":{"line":28,"column":2}},"6":{"start":{"line":29,"column":0},"end":{"line":29,"column":24}},"7":{"start":{"line":30,"column":0},"end":{"line":30,"column":24}},"8":{"start":{"line":33,"column":0},"end":{"line":33,"column":30}},"9":{"start":{"line":34,"column":0},"end":{"line":34,"column":52}},"10":{"start":{"line":35,"column":0},"end":{"line":35,"column":48}},"11":{"start":{"line":36,"column":0},"end":{"line":36,"column":53}},"12":{"start":{"line":37,"column":0},"end":{"line":37,"column":56}},"13":{"start":{"line":40,"column":0},"end":{"line":42,"column":3}},"14":{"start":{"line":41,"column":2},"end":{"line":41,"column":54}},"15":{"start":{"line":45,"column":0},"end":{"line":50,"column":1}},"16":{"start":{"line":46,"column":2},"end":{"line":46,"column":40}},"17":{"start":{"line":47,"column":2},"end":{"line":49,"column":5}},"18":{"start":{"line":48,"column":4},"end":{"line":48,"column":56}},"19":{"start":{"line":53,"column":0},"end":{"line":58,"column":1}},"20":{"start":{"line":54,"column":2},"end":{"line":57,"column":5}},"21":{"start":{"line":55,"column":4},"end":{"line":55,"column":51}},"22":{"start":{"line":56,"column":4},"end":{"line":56,"column":16}}},"fnMap":{"0":{"name":"(anonymous_0)","decl":{"start":{"line":40,"column":23},"end":{"line":40,"column":24}},"loc":{"start":{"line":40,"column":37},"end":{"line":42,"column":1}},"line":40},"1":{"name":"(anonymous_1)","decl":{"start":{"line":47,"column":15},"end":{"line":47,"column":16}},"loc":{"start":{"line":47,"column":29},"end":{"line":49,"column":3}},"line":47},"2":{"name":"(anonymous_2)","decl":{"start":{"line":54,"column":19},"end":{"line":54,"column":20}},"loc":{"start":{"line":54,"column":25},"end":{"line":57,"column":3}},"line":54}},"branchMap":{"0":{"loc":{"start":{"line":45,"column":0},"end":{"line":50,"column":1}},"type":"if","locations":[{"start":{"line":45,"column":0},"end":{"line":50,"column":1}},{"start":{},"end":{}}],"line":45},"1":{"loc":{"start":{"line":53,"column":0},"end":{"line":58,"column":1}},"type":"if","locations":[{"start":{"line":53,"column":0},"end":{"line":58,"column":1}},{"start":{},"end":{}}],"line":53}},"s":{"0":1,"1":1,"2":1,"3":1,"4":1,"5":1,"6":1,"7":1,"8":1,"9":1,"10":1,"11":1,"12":1,"13":1,"14":1,"15":1,"16":0,"17":0,"18":0,"19":1,"20":0,"21":0,"22":0},"f":{"0":1,"1":0,"2":0},"b":{"0":[0,1],"1":[0,1]},"_coverageSchema":"1a1c01bbd47fc00a2c39e90264f33305004495a9","hash":"f610f9903ba3438d1b47184cbda22e0ed9cc55bd"}
,"C:\\Users\\ashut\\OneDrive\\Desktop\\my folders\\netflix-clone\\backend\\config\\Db.js": {"path":"C:\\Users\\ashut\\OneDrive\\Desktop\\my folders\\netflix-clone\\backend\\config\\Db.js","statementMap":{"0":{"start":{"line":4,"column":0},"end":{"line":4,"column":21}},"1":{"start":{"line":5,"column":23},"end":{"line":13,"column":1}},"2":{"start":{"line":6,"column":3},"end":{"line":12,"column":4}},"3":{"start":{"line":7,"column":16},"end":{"line":7,"column":58}},"4":{"start":{"line":8,"column":4},"end":{"line":8,"column":45}},"5":{"start":{"line":10,"column":4},"end":{"line":10,"column":19}},"6":{"start":{"line":11,"column":4},"end":{"line":11,"column":20}}},"fnMap":{"0":{"name":"(anonymous_0)","decl":{"start":{"line":5,"column":23},"end":{"line":5,"column":24}},"loc":{"start":{"line":5,"column":32},"end":{"line":13,"column":1}},"line":5}},"branchMap":{},"s":{"0":1,"1":1,"2":0,"3":0,"4":0,"5":0,"6":0},"f":{"0":0},"b":{},"_coverageSchema":"1a1c01bbd47fc00a2c39e90264f33305004495a9","hash":"38d28264983e24963851db859841d2a2b2b3c14e"}
,"C:\\Users\\ashut\\OneDrive\\Desktop\\my folders\\netflix-clone\\backend\\config\\envVar.js": {"path":"C:\\Users\\ashut\\OneDrive\\Desktop\\my folders\\netflix-clone\\backend\\config\\envVar.js","statementMap":{"0":{"start":{"line":2,"column":0},"end":{"line":2,"column":16}},"1":{"start":{"line":4,"column":0},"end":{"line":4,"column":49}},"2":{"start":{"line":5,"column":22},"end":{"line":12,"column":1}}},"fnMap":{},"branchMap":{"0":{"loc":{"start":{"line":7,"column":9},"end":{"line":7,"column":33}},"type":"binary-expr","locations":[{"start":{"line":7,"column":9},"end":{"line":7,"column":25}},{"start":{"line":7,"column":29},"end":{"line":7,"column":33}}],"line":7},"1":{"loc":{"start":{"line":8,"column":14},"end":{"line":8,"column":61}},"type":"binary-expr","locations":[{"start":{"line":8,"column":14},"end":{"line":8,"column":36}},{"start":{"line":8,"column":40},"end":{"line":8,"column":61}}],"line":8}},"s":{"0":1,"1":1,"2":1},"f":{},"b":{"0":[1,0],"1":[1,0]},"_coverageSchema":"1a1c01bbd47fc00a2c39e90264f33305004495a9","hash":"fe648b5adb7eaaaae76634bfcdc1f704f0da32fa"}
,"C:\\Users\\ashut\\OneDrive\\Desktop\\my folders\\netflix-clone\\backend\\controller\\Tv_show_controller.js": {"path":"C:\\Users\\ashut\\OneDrive\\Desktop\\my folders\\netflix-clone\\backend\\controller\\Tv_show_controller.js","statementMap":{"0":{"start":{"line":3,"column":33},"end":{"line":23,"column":1}},"1":{"start":{"line":4,"column":4},"end":{"line":22,"column":5}},"2":{"start":{"line":6,"column":21},"end":{"line":6,"column":103}},"3":{"start":{"line":9,"column":8},"end":{"line":11,"column":9}},"4":{"start":{"line":10,"column":12},"end":{"line":10,"column":97}},"5":{"start":{"line":14,"column":28},"end":{"line":14,"column":89}},"6":{"start":{"line":17,"column":8},"end":{"line":17,"column":58}},"7":{"start":{"line":20,"column":8},"end":{"line":20,"column":68}},"8":{"start":{"line":21,"column":8},"end":{"line":21,"column":83}},"9":{"start":{"line":25,"column":30},"end":{"line":39,"column":1}},"10":{"start":{"line":26,"column":16},"end":{"line":26,"column":26}},"11":{"start":{"line":27,"column":8},"end":{"line":37,"column":9}},"12":{"start":{"line":29,"column":25},"end":{"line":29,"column":107}},"13":{"start":{"line":32,"column":12},"end":{"line":32,"column":63}},"14":{"start":{"line":35,"column":12},"end":{"line":35,"column":72}},"15":{"start":{"line":36,"column":12},"end":{"line":36,"column":87}},"16":{"start":{"line":40,"column":29},"end":{"line":56,"column":1}},"17":{"start":{"line":41,"column":15},"end":{"line":41,"column":25}},"18":{"start":{"line":42,"column":4},"end":{"line":52,"column":5}},"19":{"start":{"line":44,"column":21},"end":{"line":44,"column":96}},"20":{"start":{"line":47,"column":8},"end":{"line":47,"column":50}},"21":{"start":{"line":50,"column":8},"end":{"line":50,"column":68}},"22":{"start":{"line":51,"column":8},"end":{"line":51,"column":83}},"23":{"start":{"line":57,"column":30},"end":{"line":71,"column":1}},"24":{"start":{"line":58,"column":15},"end":{"line":58,"column":25}},"25":{"start":{"line":59,"column":4},"end":{"line":69,"column":5}},"26":{"start":{"line":61,"column":21},"end":{"line":61,"column":111}},"27":{"start":{"line":64,"column":8},"end":{"line":64,"column":58}},"28":{"start":{"line":67,"column":8},"end":{"line":67,"column":68}},"29":{"start":{"line":68,"column":8},"end":{"line":68,"column":83}},"30":{"start":{"line":72,"column":33},"end":{"line":86,"column":1}},"31":{"start":{"line":73,"column":25},"end":{"line":73,"column":35}},"32":{"start":{"line":74,"column":8},"end":{"line":84,"column":9}},"33":{"start":{"line":76,"column":25},"end":{"line":76,"column":113}},"34":{"start":{"line":79,"column":12},"end":{"line":79,"column":62}},"35":{"start":{"line":82,"column":12},"end":{"line":82,"column":72}},"36":{"start":{"line":83,"column":12},"end":{"line":83,"column":87}}},"fnMap":{"0":{"name":"(anonymous_0)","decl":{"start":{"line":3,"column":33},"end":{"line":3,"column":34}},"loc":{"start":{"line":3,"column":53},"end":{"line":23,"column":1}},"line":3},"1":{"name":"(anonymous_1)","decl":{"start":{"line":25,"column":30},"end":{"line":25,"column":31}},"loc":{"start":{"line":25,"column":46},"end":{"line":39,"column":1}},"line":25},"2":{"name":"(anonymous_2)","decl":{"start":{"line":40,"column":29},"end":{"line":40,"column":30}},"loc":{"start":{"line":40,"column":45},"end":{"line":56,"column":1}},"line":40},"3":{"name":"(anonymous_3)","decl":{"start":{"line":57,"column":30},"end":{"line":57,"column":31}},"loc":{"start":{"line":57,"column":46},"end":{"line":71,"column":1}},"line":57},"4":{"name":"(anonymous_4)","decl":{"start":{"line":72,"column":33},"end":{"line":72,"column":34}},"loc":{"start":{"line":72,"column":49},"end":{"line":86,"column":1}},"line":72}},"branchMap":{"0":{"loc":{"start":{"line":9,"column":8},"end":{"line":11,"column":9}},"type":"if","locations":[{"start":{"line":9,"column":8},"end":{"line":11,"column":9}},{"start":{},"end":{}}],"line":9},"1":{"loc":{"start":{"line":9,"column":12},"end":{"line":9,"column":63}},"type":"binary-expr","locations":[{"start":{"line":9,"column":12},"end":{"line":9,"column":17}},{"start":{"line":9,"column":21},"end":{"line":9,"column":34}},{"start":{"line":9,"column":38},"end":{"line":9,"column":63}}],"line":9}},"s":{"0":1,"1":0,"2":0,"3":0,"4":0,"5":0,"6":0,"7":0,"8":0,"9":1,"10":0,"11":0,"12":0,"13":0,"14":0,"15":0,"16":1,"17":0,"18":0,"19":0,"20":0,"21":0,"22":0,"23":1,"24":0,"25":0,"26":0,"27":0,"28":0,"29":0,"30":1,"31":0,"32":0,"33":0,"34":0,"35":0,"36":0},"f":{"0":0,"1":0,"2":0,"3":0,"4":0},"b":{"0":[0,0],"1":[0,0,0]},"_coverageSchema":"1a1c01bbd47fc00a2c39e90264f33305004495a9","hash":"1bca93c4d6072e9c1b8b1d70ea9a307f2aa87515"}
,"C:\\Users\\ashut\\OneDrive\\Desktop\\my folders\\netflix-clone\\backend\\controller\\ai_controller.js": {"path":"C:\\Users\\ashut\\OneDrive\\Desktop\\my folders\\netflix-clone\\backend\\controller\\ai_controller.js","statementMap":{"0":{"start":{"line":3,"column":19},"end":{"line":46,"column":1}},"1":{"start":{"line":4,"column":4},"end":{"line":4,"column":49}},"2":{"start":{"line":5,"column":19},"end":{"line":5,"column":27}},"3":{"start":{"line":6,"column":2},"end":{"line":45,"column":3}},"4":{"start":{"line":8,"column":28},"end":{"line":16,"column":5}},"5":{"start":{"line":18,"column":20},"end":{"line":18,"column":83}},"6":{"start":{"line":21,"column":28},"end":{"line":29,"column":5}},"7":{"start":{"line":31,"column":21},"end":{"line":31,"column":68}},"8":{"start":{"line":34,"column":6},"end":{"line":36,"column":30}},"9":{"start":{"line":35,"column":37},"end":{"line":35,"column":62}},"10":{"start":{"line":38,"column":4},"end":{"line":41,"column":7}},"11":{"start":{"line":43,"column":4},"end":{"line":43,"column":25}},"12":{"start":{"line":44,"column":4},"end":{"line":44,"column":60}}},"fnMap":{"0":{"name":"(anonymous_0)","decl":{"start":{"line":3,"column":19},"end":{"line":3,"column":20}},"loc":{"start":{"line":3,"column":39},"end":{"line":46,"column":1}},"line":3},"1":{"name":"(anonymous_1)","decl":{"start":{"line":35,"column":26},"end":{"line":35,"column":27}},"loc":{"start":{"line":35,"column":37},"end":{"line":35,"column":62}},"line":35}},"branchMap":{"0":{"loc":{"start":{"line":18,"column":20},"end":{"line":18,"column":83}},"type":"binary-expr","locations":[{"start":{"line":18,"column":20},"end":{"line":18,"column":57}},{"start":{"line":18,"column":61},"end":{"line":18,"column":83}}],"line":18},"1":{"loc":{"start":{"line":31,"column":21},"end":{"line":31,"column":68}},"type":"binary-expr","locations":[{"start":{"line":31,"column":21},"end":{"line":31,"column":44}},{"start":{"line":31,"column":48},"end":{"line":31,"column":68}}],"line":31},"2":{"loc":{"start":{"line":34,"column":6},"end":{"line":36,"column":30}},"type":"cond-expr","locations":[{"start":{"line":35,"column":10},"end":{"line":35,"column":64}},{"start":{"line":36,"column":10},"end":{"line":36,"column":30}}],"line":34},"3":{"loc":{"start":{"line":34,"column":6},"end":{"line":34,"column":48}},"type":"binary-expr","locations":[{"start":{"line":34,"column":6},"end":{"line":34,"column":29}},{"start":{"line":34,"column":33},"end":{"line":34,"column":48}}],"line":34},"4":{"loc":{"start":{"line":35,"column":37},"end":{"line":35,"column":62}},"type":"cond-expr","locations":[{"start":{"line":35,"column":57},"end":{"line":35,"column":58}},{"start":{"line":35,"column":61},"end":{"line":35,"column":62}}],"line":35}},"s":{"0":1,"1":0,"2":0,"3":0,"4":0,"5":0,"6":0,"7":0,"8":0,"9":0,"10":0,"11":0,"12":0},"f":{"0":0,"1":0},"b":{"0":[0,0],"1":[0,0],"2":[0,0],"3":[0,0],"4":[0,0]},"_coverageSchema":"1a1c01bbd47fc00a2c39e90264f33305004495a9","hash":"bf6e0b95f5bb98dbb877ddae03ddf434371eda3c"}
,"C:\\Users\\ashut\\OneDrive\\Desktop\\my folders\\netflix-clone\\backend\\controller\\auth_controller.js": {"path":"C:\\Users\\ashut\\OneDrive\\Desktop\\my folders\\netflix-clone\\backend\\controller\\auth_controller.js","statementMap":{"0":{"start":{"line":7,"column":20},"end":{"line":49,"column":4}},"1":{"start":{"line":8,"column":36},"end":{"line":8,"column":44}},"2":{"start":{"line":9,"column":4},"end":{"line":9,"column":40}},"3":{"start":{"line":10,"column":5},"end":{"line":48,"column":6}},"4":{"start":{"line":11,"column":8},"end":{"line":13,"column":9}},"5":{"start":{"line":12,"column":12},"end":{"line":12,"column":90}},"6":{"start":{"line":14,"column":25},"end":{"line":14,"column":53}},"7":{"start":{"line":16,"column":8},"end":{"line":18,"column":9}},"8":{"start":{"line":17,"column":12},"end":{"line":17,"column":81}},"9":{"start":{"line":19,"column":8},"end":{"line":21,"column":9}},"10":{"start":{"line":20,"column":12},"end":{"line":20,"column":108}},"11":{"start":{"line":23,"column":27},"end":{"line":23,"column":60}},"12":{"start":{"line":24,"column":8},"end":{"line":26,"column":9}},"13":{"start":{"line":25,"column":12},"end":{"line":25,"column":101}},"14":{"start":{"line":27,"column":27},"end":{"line":27,"column":73}},"15":{"start":{"line":28,"column":20},"end":{"line":28,"column":79}},"16":{"start":{"line":29,"column":19},"end":{"line":29,"column":45}},"17":{"start":{"line":30,"column":27},"end":{"line":30,"column":59}},"18":{"start":{"line":31,"column":22},"end":{"line":36,"column":10}},"19":{"start":{"line":37,"column":8},"end":{"line":37,"column":49}},"20":{"start":{"line":38,"column":7},"end":{"line":38,"column":27}},"21":{"start":{"line":40,"column":7},"end":{"line":43,"column":10}},"22":{"start":{"line":46,"column":8},"end":{"line":46,"column":22}},"23":{"start":{"line":47,"column":8},"end":{"line":47,"column":86}},"24":{"start":{"line":51,"column":19},"end":{"line":80,"column":4}},"25":{"start":{"line":52,"column":28},"end":{"line":52,"column":36}},"26":{"start":{"line":53,"column":5},"end":{"line":53,"column":32}},"27":{"start":{"line":54,"column":5},"end":{"line":78,"column":6}},"28":{"start":{"line":55,"column":8},"end":{"line":57,"column":9}},"29":{"start":{"line":56,"column":12},"end":{"line":56,"column":91}},"30":{"start":{"line":58,"column":27},"end":{"line":58,"column":54}},"31":{"start":{"line":59,"column":8},"end":{"line":61,"column":9}},"32":{"start":{"line":60,"column":12},"end":{"line":60,"column":107}},"33":{"start":{"line":63,"column":19},"end":{"line":63,"column":73}},"34":{"start":{"line":64,"column":8},"end":{"line":66,"column":9}},"35":{"start":{"line":65,"column":12},"end":{"line":65,"column":89}},"36":{"start":{"line":67,"column":8},"end":{"line":67,"column":54}},"37":{"start":{"line":68,"column":8},"end":{"line":71,"column":14}},"38":{"start":{"line":76,"column":8},"end":{"line":76,"column":26}},"39":{"start":{"line":77,"column":8},"end":{"line":77,"column":85}},"40":{"start":{"line":82,"column":20},"end":{"line":90,"column":4}},"41":{"start":{"line":83,"column":4},"end":{"line":89,"column":5}},"42":{"start":{"line":84,"column":8},"end":{"line":84,"column":43}},"43":{"start":{"line":85,"column":8},"end":{"line":85,"column":81}},"44":{"start":{"line":87,"column":8},"end":{"line":87,"column":85}},"45":{"start":{"line":92,"column":4},"end":{"line":98,"column":5}},"46":{"start":{"line":93,"column":8},"end":{"line":93,"column":58}},"47":{"start":{"line":96,"column":8},"end":{"line":96,"column":72}}},"fnMap":{"0":{"name":"(anonymous_0)","decl":{"start":{"line":7,"column":20},"end":{"line":7,"column":21}},"loc":{"start":{"line":7,"column":36},"end":{"line":49,"column":4}},"line":7},"1":{"name":"(anonymous_1)","decl":{"start":{"line":51,"column":19},"end":{"line":51,"column":20}},"loc":{"start":{"line":51,"column":35},"end":{"line":80,"column":4}},"line":51},"2":{"name":"(anonymous_2)","decl":{"start":{"line":82,"column":20},"end":{"line":82,"column":21}},"loc":{"start":{"line":82,"column":36},"end":{"line":90,"column":4}},"line":82},"3":{"name":"authcheck","decl":{"start":{"line":91,"column":25},"end":{"line":91,"column":34}},"loc":{"start":{"line":91,"column":43},"end":{"line":99,"column":4}},"line":91}},"branchMap":{"0":{"loc":{"start":{"line":11,"column":8},"end":{"line":13,"column":9}},"type":"if","locations":[{"start":{"line":11,"column":8},"end":{"line":13,"column":9}},{"start":{},"end":{}}],"line":11},"1":{"loc":{"start":{"line":11,"column":11},"end":{"line":11,"column":43}},"type":"binary-expr","locations":[{"start":{"line":11,"column":11},"end":{"line":11,"column":17}},{"start":{"line":11,"column":21},"end":{"line":11,"column":30}},{"start":{"line":11,"column":34},"end":{"line":11,"column":43}}],"line":11},"2":{"loc":{"start":{"line":16,"column":8},"end":{"line":18,"column":9}},"type":"if","locations":[{"start":{"line":16,"column":8},"end":{"line":18,"column":9}},{"start":{},"end":{}}],"line":16},"3":{"loc":{"start":{"line":19,"column":8},"end":{"line":21,"column":9}},"type":"if","locations":[{"start":{"line":19,"column":8},"end":{"line":21,"column":9}},{"start":{},"end":{}}],"line":19},"4":{"loc":{"start":{"line":24,"column":8},"end":{"line":26,"column":9}},"type":"if","locations":[{"start":{"line":24,"column":8},"end":{"line":26,"column":9}},{"start":{},"end":{}}],"line":24},"5":{"loc":{"start":{"line":55,"column":8},"end":{"line":57,"column":9}},"type":"if","locations":[{"start":{"line":55,"column":8},"end":{"line":57,"column":9}},{"start":{},"end":{}}],"line":55},"6":{"loc":{"start":{"line":55,"column":11},"end":{"line":55,"column":30}},"type":"binary-expr","locations":[{"start":{"line":55,"column":11},"end":{"line":55,"column":17}},{"start":{"line":55,"column":21},"end":{"line":55,"column":30}}],"line":55},"7":{"loc":{"start":{"line":59,"column":8},"end":{"line":61,"column":9}},"type":"if","locations":[{"start":{"line":59,"column":8},"end":{"line":61,"column":9}},{"start":{},"end":{}}],"line":59},"8":{"loc":{"start":{"line":64,"column":8},"end":{"line":66,"column":9}},"type":"if","locations":[{"start":{"line":64,"column":8},"end":{"line":66,"column":9}},{"start":{},"end":{}}],"line":64}},"s":{"0":1,"1":0,"2":0,"3":0,"4":0,"5":0,"6":0,"7":0,"8":0,"9":0,"10":0,"11":0,"12":0,"13":0,"14":0,"15":0,"16":0,"17":0,"18":0,"19":0,"20":0,"21":0,"22":0,"23":0,"24":1,"25":0,"26":0,"27":0,"28":0,"29":0,"30":0,"31":0,"32":0,"33":0,"34":0,"35":0,"36":0,"37":0,"38":0,"39":0,"40":1,"41":0,"42":0,"43":0,"44":0,"45":0,"46":0,"47":0},"f":{"0":0,"1":0,"2":0,"3":0},"b":{"0":[0,0],"1":[0,0,0],"2":[0,0],"3":[0,0],"4":[0,0],"5":[0,0],"6":[0,0],"7":[0,0],"8":[0,0]},"_coverageSchema":"1a1c01bbd47fc00a2c39e90264f33305004495a9","hash":"a4f327264e6e01877fd900405cf391dd685a99cf"}
,"C:\\Users\\ashut\\OneDrive\\Desktop\\my folders\\netflix-clone\\backend\\controller\\movie_controller.js": {"path":"C:\\Users\\ashut\\OneDrive\\Desktop\\my folders\\netflix-clone\\backend\\controller\\movie_controller.js","statementMap":{"0":{"start":{"line":3,"column":33},"end":{"line":23,"column":1}},"1":{"start":{"line":4,"column":4},"end":{"line":22,"column":5}},"2":{"start":{"line":6,"column":21},"end":{"line":6,"column":106}},"3":{"start":{"line":9,"column":8},"end":{"line":11,"column":9}},"4":{"start":{"line":10,"column":12},"end":{"line":10,"column":97}},"5":{"start":{"line":14,"column":28},"end":{"line":14,"column":89}},"6":{"start":{"line":17,"column":8},"end":{"line":17,"column":58}},"7":{"start":{"line":20,"column":8},"end":{"line":20,"column":68}},"8":{"start":{"line":21,"column":8},"end":{"line":21,"column":83}},"9":{"start":{"line":25,"column":24},"end":{"line":40,"column":1}},"10":{"start":{"line":26,"column":15},"end":{"line":26,"column":25}},"11":{"start":{"line":27,"column":4},"end":{"line":37,"column":5}},"12":{"start":{"line":29,"column":21},"end":{"line":29,"column":106}},"13":{"start":{"line":32,"column":8},"end":{"line":32,"column":59}},"14":{"start":{"line":35,"column":8},"end":{"line":35,"column":68}},"15":{"start":{"line":36,"column":8},"end":{"line":36,"column":83}},"16":{"start":{"line":41,"column":28},"end":{"line":58,"column":1}},"17":{"start":{"line":42,"column":15},"end":{"line":42,"column":25}},"18":{"start":{"line":43,"column":4},"end":{"line":53,"column":5}},"19":{"start":{"line":45,"column":21},"end":{"line":45,"column":99}},"20":{"start":{"line":48,"column":8},"end":{"line":48,"column":50}},"21":{"start":{"line":51,"column":8},"end":{"line":51,"column":68}},"22":{"start":{"line":52,"column":8},"end":{"line":52,"column":83}},"23":{"start":{"line":59,"column":29},"end":{"line":75,"column":1}},"24":{"start":{"line":60,"column":15},"end":{"line":60,"column":25}},"25":{"start":{"line":61,"column":4},"end":{"line":71,"column":5}},"26":{"start":{"line":63,"column":21},"end":{"line":63,"column":114}},"27":{"start":{"line":66,"column":8},"end":{"line":66,"column":58}},"28":{"start":{"line":69,"column":8},"end":{"line":69,"column":68}},"29":{"start":{"line":70,"column":8},"end":{"line":70,"column":83}},"30":{"start":{"line":76,"column":32},"end":{"line":92,"column":1}},"31":{"start":{"line":77,"column":21},"end":{"line":77,"column":31}},"32":{"start":{"line":78,"column":4},"end":{"line":78,"column":24}},"33":{"start":{"line":79,"column":4},"end":{"line":89,"column":5}},"34":{"start":{"line":81,"column":21},"end":{"line":81,"column":112}},"35":{"start":{"line":84,"column":8},"end":{"line":84,"column":58}},"36":{"start":{"line":87,"column":8},"end":{"line":87,"column":68}},"37":{"start":{"line":88,"column":8},"end":{"line":88,"column":83}}},"fnMap":{"0":{"name":"(anonymous_0)","decl":{"start":{"line":3,"column":33},"end":{"line":3,"column":34}},"loc":{"start":{"line":3,"column":53},"end":{"line":23,"column":1}},"line":3},"1":{"name":"(anonymous_1)","decl":{"start":{"line":25,"column":24},"end":{"line":25,"column":25}},"loc":{"start":{"line":25,"column":40},"end":{"line":40,"column":1}},"line":25},"2":{"name":"(anonymous_2)","decl":{"start":{"line":41,"column":28},"end":{"line":41,"column":29}},"loc":{"start":{"line":41,"column":44},"end":{"line":58,"column":1}},"line":41},"3":{"name":"(anonymous_3)","decl":{"start":{"line":59,"column":29},"end":{"line":59,"column":30}},"loc":{"start":{"line":59,"column":45},"end":{"line":75,"column":1}},"line":59},"4":{"name":"(anonymous_4)","decl":{"start":{"line":76,"column":32},"end":{"line":76,"column":33}},"loc":{"start":{"line":76,"column":48},"end":{"line":92,"column":1}},"line":76}},"branchMap":{"0":{"loc":{"start":{"line":9,"column":8},"end":{"line":11,"column":9}},"type":"if","locations":[{"start":{"line":9,"column":8},"end":{"line":11,"column":9}},{"start":{},"end":{}}],"line":9},"1":{"loc":{"start":{"line":9,"column":12},"end":{"line":9,"column":63}},"type":"binary-expr","locations":[{"start":{"line":9,"column":12},"end":{"line":9,"column":17}},{"start":{"line":9,"column":21},"end":{"line":9,"column":34}},{"start":{"line":9,"column":38},"end":{"line":9,"column":63}}],"line":9}},"s":{"0":1,"1":0,"2":0,"3":0,"4":0,"5":0,"6":0,"7":0,"8":0,"9":1,"10":0,"11":0,"12":0,"13":0,"14":0,"15":0,"16":1,"17":0,"18":0,"19":0,"20":0,"21":0,"22":0,"23":1,"24":0,"25":0,"26":0,"27":0,"28":0,"29":0,"30":1,"31":0,"32":0,"33":0,"34":0,"35":0,"36":0,"37":0},"f":{"0":0,"1":0,"2":0,"3":0,"4":0},"b":{"0":[0,0],"1":[0,0,0]},"_coverageSchema":"1a1c01bbd47fc00a2c39e90264f33305004495a9","hash":"2b79f90624d8755c8ba434719cbb865056a3de10"}
,"C:\\Users\\ashut\\OneDrive\\Desktop\\my folders\\netflix-clone\\backend\\controller\\search_controller.js": {"path":"C:\\Users\\ashut\\OneDrive\\Desktop\\my folders\\netflix-clone\\backend\\controller\\search_controller.js","statementMap":{"0":{"start":{"line":4,"column":26},"end":{"line":38,"column":1}},"1":{"start":{"line":5,"column":17},"end":{"line":5,"column":33}},"2":{"start":{"line":6,"column":4},"end":{"line":6,"column":23}},"3":{"start":{"line":7,"column":4},"end":{"line":36,"column":5}},"4":{"start":{"line":8,"column":21},"end":{"line":8,"column":144}},"5":{"start":{"line":9,"column":8},"end":{"line":11,"column":12}},"6":{"start":{"line":10,"column":12},"end":{"line":10,"column":45}},"7":{"start":{"line":14,"column":11},"end":{"line":24,"column":13}},"8":{"start":{"line":29,"column":8},"end":{"line":29,"column":74}},"9":{"start":{"line":34,"column":8},"end":{"line":34,"column":83}},"10":{"start":{"line":40,"column":25},"end":{"line":74,"column":1}},"11":{"start":{"line":42,"column":16},"end":{"line":42,"column":32}},"12":{"start":{"line":43,"column":4},"end":{"line":43,"column":22}},"13":{"start":{"line":44,"column":4},"end":{"line":72,"column":5}},"14":{"start":{"line":45,"column":21},"end":{"line":45,"column":142}},"15":{"start":{"line":46,"column":8},"end":{"line":48,"column":12}},"16":{"start":{"line":47,"column":12},"end":{"line":47,"column":45}},"17":{"start":{"line":50,"column":11},"end":{"line":60,"column":13}},"18":{"start":{"line":65,"column":8},"end":{"line":65,"column":74}},"19":{"start":{"line":70,"column":8},"end":{"line":70,"column":83}},"20":{"start":{"line":75,"column":22},"end":{"line":108,"column":1}},"21":{"start":{"line":76,"column":13},"end":{"line":76,"column":29}},"22":{"start":{"line":77,"column":4},"end":{"line":77,"column":19}},"23":{"start":{"line":78,"column":4},"end":{"line":106,"column":5}},"24":{"start":{"line":79,"column":21},"end":{"line":79,"column":139}},"25":{"start":{"line":80,"column":8},"end":{"line":82,"column":12}},"26":{"start":{"line":81,"column":12},"end":{"line":81,"column":45}},"27":{"start":{"line":84,"column":11},"end":{"line":94,"column":13}},"28":{"start":{"line":99,"column":8},"end":{"line":99,"column":74}},"29":{"start":{"line":104,"column":8},"end":{"line":104,"column":84}},"30":{"start":{"line":112,"column":34},"end":{"line":139,"column":1}},"31":{"start":{"line":113,"column":2},"end":{"line":138,"column":3}},"32":{"start":{"line":114,"column":53},"end":{"line":114,"column":61}},"33":{"start":{"line":115,"column":17},"end":{"line":115,"column":44}},"34":{"start":{"line":116,"column":4},"end":{"line":116,"column":74}},"35":{"start":{"line":116,"column":15},"end":{"line":116,"column":74}},"36":{"start":{"line":119,"column":19},"end":{"line":121,"column":5}},"37":{"start":{"line":120,"column":16},"end":{"line":120,"column":64}},"38":{"start":{"line":123,"column":4},"end":{"line":132,"column":5}},"39":{"start":{"line":124,"column":6},"end":{"line":124,"column":87}},"40":{"start":{"line":127,"column":6},"end":{"line":129,"column":7}},"41":{"start":{"line":128,"column":8},"end":{"line":128,"column":35}},"42":{"start":{"line":131,"column":6},"end":{"line":131,"column":24}},"43":{"start":{"line":134,"column":4},"end":{"line":134,"column":53}},"44":{"start":{"line":136,"column":4},"end":{"line":136,"column":21}},"45":{"start":{"line":137,"column":4},"end":{"line":137,"column":63}},"46":{"start":{"line":142,"column":32},"end":{"line":150,"column":1}},"47":{"start":{"line":143,"column":2},"end":{"line":149,"column":3}},"48":{"start":{"line":144,"column":19},"end":{"line":144,"column":31}},"49":{"start":{"line":145,"column":17},"end":{"line":145,"column":68}},"50":{"start":{"line":146,"column":4},"end":{"line":146,"column":52}},"51":{"start":{"line":148,"column":4},"end":{"line":148,"column":65}},"52":{"start":{"line":152,"column":43},"end":{"line":167,"column":1}},"53":{"start":{"line":153,"column":2},"end":{"line":166,"column":3}},"54":{"start":{"line":154,"column":19},"end":{"line":154,"column":29}},"55":{"start":{"line":155,"column":19},"end":{"line":155,"column":31}},"56":{"start":{"line":158,"column":4},"end":{"line":160,"column":7}},"57":{"start":{"line":162,"column":4},"end":{"line":162,"column":57}},"58":{"start":{"line":164,"column":4},"end":{"line":164,"column":25}},"59":{"start":{"line":165,"column":4},"end":{"line":165,"column":63}}},"fnMap":{"0":{"name":"(anonymous_0)","decl":{"start":{"line":4,"column":26},"end":{"line":4,"column":27}},"loc":{"start":{"line":4,"column":42},"end":{"line":38,"column":1}},"line":4},"1":{"name":"(anonymous_1)","decl":{"start":{"line":40,"column":25},"end":{"line":40,"column":26}},"loc":{"start":{"line":40,"column":41},"end":{"line":74,"column":1}},"line":40},"2":{"name":"(anonymous_2)","decl":{"start":{"line":75,"column":22},"end":{"line":75,"column":23}},"loc":{"start":{"line":75,"column":38},"end":{"line":108,"column":1}},"line":75},"3":{"name":"(anonymous_3)","decl":{"start":{"line":112,"column":34},"end":{"line":112,"column":35}},"loc":{"start":{"line":112,"column":54},"end":{"line":139,"column":1}},"line":112},"4":{"name":"(anonymous_4)","decl":{"start":{"line":120,"column":6},"end":{"line":120,"column":7}},"loc":{"start":{"line":120,"column":16},"end":{"line":120,"column":64}},"line":120},"5":{"name":"(anonymous_5)","decl":{"start":{"line":142,"column":32},"end":{"line":142,"column":33}},"loc":{"start":{"line":142,"column":52},"end":{"line":150,"column":1}},"line":142},"6":{"name":"(anonymous_6)","decl":{"start":{"line":152,"column":43},"end":{"line":152,"column":44}},"loc":{"start":{"line":152,"column":63},"end":{"line":167,"column":1}},"line":152}},"branchMap":{"0":{"loc":{"start":{"line":9,"column":8},"end":{"line":11,"column":12}},"type":"if","locations":[{"start":{"line":9,"column":8},"end":{"line":11,"column":12}},{"start":{},"end":{}}],"line":9},"1":{"loc":{"start":{"line":46,"column":8},"end":{"line":48,"column":12}},"type":"if","locations":[{"start":{"line":46,"column":8},"end":{"line":48,"column":12}},{"start":{},"end":{}}],"line":46},"2":{"loc":{"start":{"line":80,"column":8},"end":{"line":82,"column":12}},"type":"if","locations":[{"start":{"line":80,"column":8},"end":{"line":82,"column":12}},{"start":{},"end":{}}],"line":80},"3":{"loc":{"start":{"line":116,"column":4},"end":{"line":116,"column":74}},"type":"if","locations":[{"start":{"line":116,"column":4},"end":{"line":116,"column":74}},{"start":{},"end":{}}],"line":116},"4":{"loc":{"start":{"line":120,"column":16},"end":{"line":120,"column":64}},"type":"binary-expr","locations":[{"start":{"line":120,"column":16},"end":{"line":120,"column":30}},{"start":{"line":120,"column":34},"end":{"line":120,"column":64}}],"line":120},"5":{"loc":{"start":{"line":123,"column":4},"end":{"line":132,"column":5}},"type":"if","locations":[{"start":{"line":123,"column":4},"end":{"line":132,"column":5}},{"start":{},"end":{}}],"line":123},"6":{"loc":{"start":{"line":127,"column":6},"end":{"line":129,"column":7}},"type":"if","locations":[{"start":{"line":127,"column":6},"end":{"line":129,"column":7}},{"start":{},"end":{}}],"line":127},"7":{"loc":{"start":{"line":146,"column":24},"end":{"line":146,"column":48}},"type":"binary-expr","locations":[{"start":{"line":146,"column":24},"end":{"line":146,"column":42}},{"start":{"line":146,"column":46},"end":{"line":146,"column":48}}],"line":146}},"s":{"0":1,"1":0,"2":0,"3":0,"4":0,"5":0,"6":0,"7":0,"8":0,"9":0,"10":1,"11":0,"12":0,"13":0,"14":0,"15":0,"16":0,"17":0,"18":0,"19":0,"20":1,"21":0,"22":0,"23":0,"24":0,"25":0,"26":0,"27":0,"28":0,"29":0,"30":1,"31":0,"32":0,"33":0,"34":0,"35":0,"36":0,"37":0,"38":0,"39":0,"40":0,"41":0,"42":0,"43":0,"44":0,"45":0,"46":1,"47":0,"48":0,"49":0,"50":0,"51":0,"52":1,"53":0,"54":0,"55":0,"56":0,"57":0,"58":0,"59":0},"f":{"0":0,"1":0,"2":0,"3":0,"4":0,"5":0,"6":0},"b":{"0":[0,0],"1":[0,0],"2":[0,0],"3":[0,0],"4":[0,0],"5":[0,0],"6":[0,0],"7":[0,0]},"_coverageSchema":"1a1c01bbd47fc00a2c39e90264f33305004495a9","hash":"bed9b446d5f6d8ca5ea0746bc804ac1f2c39b573"}
,"C:\\Users\\ashut\\OneDrive\\Desktop\\my folders\\netflix-clone\\backend\\middleware\\protectRoute.js": {"path":"C:\\Users\\ashut\\OneDrive\\Desktop\\my folders\\netflix-clone\\backend\\middleware\\protectRoute.js","statementMap":{"0":{"start":{"line":7,"column":19},"end":{"line":29,"column":1}},"1":{"start":{"line":8,"column":0},"end":{"line":27,"column":1}},"2":{"start":{"line":9,"column":16},"end":{"line":9,"column":44}},"3":{"start":{"line":10,"column":4},"end":{"line":12,"column":5}},"4":{"start":{"line":11,"column":8},"end":{"line":11,"column":84}},"5":{"start":{"line":14,"column":18},"end":{"line":14,"column":54}},"6":{"start":{"line":15,"column":4},"end":{"line":17,"column":5}},"7":{"start":{"line":16,"column":8},"end":{"line":16,"column":84}},"8":{"start":{"line":19,"column":19},"end":{"line":19,"column":74}},"9":{"start":{"line":20,"column":4},"end":{"line":22,"column":5}},"10":{"start":{"line":21,"column":8},"end":{"line":21,"column":78}},"11":{"start":{"line":23,"column":4},"end":{"line":23,"column":21}},"12":{"start":{"line":24,"column":4},"end":{"line":24,"column":10}},"13":{"start":{"line":26,"column":4},"end":{"line":26,"column":81}}},"fnMap":{"0":{"name":"(anonymous_0)","decl":{"start":{"line":7,"column":19},"end":{"line":7,"column":20}},"loc":{"start":{"line":7,"column":40},"end":{"line":29,"column":1}},"line":7}},"branchMap":{"0":{"loc":{"start":{"line":10,"column":4},"end":{"line":12,"column":5}},"type":"if","locations":[{"start":{"line":10,"column":4},"end":{"line":12,"column":5}},{"start":{},"end":{}}],"line":10},"1":{"loc":{"start":{"line":15,"column":4},"end":{"line":17,"column":5}},"type":"if","locations":[{"start":{"line":15,"column":4},"end":{"line":17,"column":5}},{"start":{},"end":{}}],"line":15},"2":{"loc":{"start":{"line":20,"column":4},"end":{"line":22,"column":5}},"type":"if","locations":[{"start":{"line":20,"column":4},"end":{"line":22,"column":5}},{"start":{},"end":{}}],"line":20}},"s":{"0":1,"1":0,"2":0,"3":0,"4":0,"5":0,"6":0,"7":0,"8":0,"9":0,"10":0,"11":0,"12":0,"13":0},"f":{"0":0},"b":{"0":[0,0],"1":[0,0],"2":[0,0]},"_coverageSchema":"1a1c01bbd47fc00a2c39e90264f33305004495a9","hash":"271cb1f69dc67eeeff76cda640e7d0a526c617b5"}
,"C:\\Users\\ashut\\OneDrive\\Desktop\\my folders\\netflix-clone\\backend\\models\\usermodel.js": {"path":"C:\\Users\\ashut\\OneDrive\\Desktop\\my folders\\netflix-clone\\backend\\models\\usermodel.js","statementMap":{"0":{"start":{"line":3,"column":17},"end":{"line":21,"column":2}},"1":{"start":{"line":22,"column":18},"end":{"line":22,"column":51}}},"fnMap":{},"branchMap":{},"s":{"0":1,"1":1},"f":{},"b":{},"_coverageSchema":"1a1c01bbd47fc00a2c39e90264f33305004495a9","hash":"560c7f1b3879a1335f1c28fa4f7ef8a2c12cb2e6"}
,"C:\\Users\\ashut\\OneDrive\\Desktop\\my folders\\netflix-clone\\backend\\routes\\AI_route.js": {"path":"C:\\Users\\ashut\\OneDrive\\Desktop\\my folders\\netflix-clone\\backend\\routes\\AI_route.js","statementMap":{"0":{"start":{"line":3,"column":13},"end":{"line":3,"column":29}},"1":{"start":{"line":4,"column":0},"end":{"line":4,"column":27}}},"fnMap":{},"branchMap":{},"s":{"0":1,"1":1},"f":{},"b":{},"_coverageSchema":"1a1c01bbd47fc00a2c39e90264f33305004495a9","hash":"9756fe4292b2eb87a2f7146d8084fa7bcc1f1069"}
,"C:\\Users\\ashut\\OneDrive\\Desktop\\my folders\\netflix-clone\\backend\\routes\\Auth_route.js": {"path":"C:\\Users\\ashut\\OneDrive\\Desktop\\my folders\\netflix-clone\\backend\\routes\\Auth_route.js","statementMap":{"0":{"start":{"line":3,"column":13},"end":{"line":3,"column":29}},"1":{"start":{"line":5,"column":0},"end":{"line":5,"column":29}},"2":{"start":{"line":6,"column":0},"end":{"line":6,"column":27}},"3":{"start":{"line":7,"column":0},"end":{"line":7,"column":29}},"4":{"start":{"line":8,"column":0},"end":{"line":8,"column":34}}},"fnMap":{},"branchMap":{},"s":{"0":1,"1":1,"2":1,"3":1,"4":1},"f":{},"b":{},"_coverageSchema":"1a1c01bbd47fc00a2c39e90264f33305004495a9","hash":"174f70e059d6ba6ca655025ea30da08f0e02636f"}
,"C:\\Users\\ashut\\OneDrive\\Desktop\\my folders\\netflix-clone\\backend\\routes\\Search_route.js": {"path":"C:\\Users\\ashut\\OneDrive\\Desktop\\my folders\\netflix-clone\\backend\\routes\\Search_route.js","statementMap":{"0":{"start":{"line":4,"column":13},"end":{"line":4,"column":29}},"1":{"start":{"line":6,"column":0},"end":{"line":6,"column":41}},"2":{"start":{"line":7,"column":0},"end":{"line":7,"column":39}},"3":{"start":{"line":8,"column":0},"end":{"line":8,"column":33}},"4":{"start":{"line":9,"column":0},"end":{"line":9,"column":70}},"5":{"start":{"line":10,"column":0},"end":{"line":10,"column":41}},"6":{"start":{"line":11,"column":0},"end":{"line":11,"column":47}}},"fnMap":{},"branchMap":{},"s":{"0":1,"1":1,"2":1,"3":1,"4":1,"5":1,"6":1},"f":{},"b":{},"_coverageSchema":"1a1c01bbd47fc00a2c39e90264f33305004495a9","hash":"c6701524c46e965795555fb551ab8cd2bfc904b1"}
,"C:\\Users\\ashut\\OneDrive\\Desktop\\my folders\\netflix-clone\\backend\\routes\\Tvshow_route.js": {"path":"C:\\Users\\ashut\\OneDrive\\Desktop\\my folders\\netflix-clone\\backend\\routes\\Tvshow_route.js","statementMap":{"0":{"start":{"line":4,"column":13},"end":{"line":4,"column":29}},"1":{"start":{"line":5,"column":0},"end":{"line":5,"column":41}},"2":{"start":{"line":6,"column":0},"end":{"line":6,"column":44}},"3":{"start":{"line":7,"column":0},"end":{"line":7,"column":43}},"4":{"start":{"line":8,"column":0},"end":{"line":8,"column":43}},"5":{"start":{"line":9,"column":0},"end":{"line":9,"column":44}}},"fnMap":{},"branchMap":{},"s":{"0":1,"1":1,"2":1,"3":1,"4":1,"5":1},"f":{},"b":{},"_coverageSchema":"1a1c01bbd47fc00a2c39e90264f33305004495a9","hash":"3996d2b10cd842ad7740f5a6a7516526aac9fd1c"}
,"C:\\Users\\ashut\\OneDrive\\Desktop\\my folders\\netflix-clone\\backend\\routes\\movieRoute.js": {"path":"C:\\Users\\ashut\\OneDrive\\Desktop\\my folders\\netflix-clone\\backend\\routes\\movieRoute.js","statementMap":{"0":{"start":{"line":3,"column":13},"end":{"line":3,"column":29}},"1":{"start":{"line":4,"column":0},"end":{"line":4,"column":41}},"2":{"start":{"line":5,"column":0},"end":{"line":5,"column":38}},"3":{"start":{"line":6,"column":0},"end":{"line":6,"column":45}},"4":{"start":{"line":7,"column":0},"end":{"line":7,"column":42}},"5":{"start":{"line":8,"column":0},"end":{"line":8,"column":43}}},"fnMap":{},"branchMap":{},"s":{"0":1,"1":1,"2":1,"3":1,"4":1,"5":1},"f":{},"b":{},"_coverageSchema":"1a1c01bbd47fc00a2c39e90264f33305004495a9","hash":"5f5a5310b3244374bda772a89e58042ccb1efdd6"}
,"C:\\Users\\ashut\\OneDrive\\Desktop\\my folders\\netflix-clone\\backend\\services\\tmdb.service.js": {"path":"C:\\Users\\ashut\\OneDrive\\Desktop\\my folders\\netflix-clone\\backend\\services\\tmdb.service.js","statementMap":{"0":{"start":{"line":3,"column":0},"end":{"line":3,"column":34}},"1":{"start":{"line":5,"column":29},"end":{"line":19,"column":1}},"2":{"start":{"line":6,"column":20},"end":{"line":11,"column":5}},"3":{"start":{"line":13,"column":4},"end":{"line":18,"column":5}},"4":{"start":{"line":14,"column":25},"end":{"line":14,"column":54}},"5":{"start":{"line":15,"column":8},"end":{"line":15,"column":29}},"6":{"start":{"line":17,"column":8},"end":{"line":17,"column":106}}},"fnMap":{"0":{"name":"(anonymous_0)","decl":{"start":{"line":5,"column":29},"end":{"line":5,"column":30}},"loc":{"start":{"line":5,"column":44},"end":{"line":19,"column":1}},"line":5}},"branchMap":{"0":{"loc":{"start":{"line":17,"column":59},"end":{"line":17,"column":102}},"type":"binary-expr","locations":[{"start":{"line":17,"column":59},"end":{"line":17,"column":85}},{"start":{"line":17,"column":89},"end":{"line":17,"column":102}}],"line":17}},"s":{"0":1,"1":1,"2":0,"3":0,"4":0,"5":0,"6":0},"f":{"0":0},"b":{"0":[0,0]},"_coverageSchema":"1a1c01bbd47fc00a2c39e90264f33305004495a9","hash":"c5e701225d7c75e95742626583366fab0dc7e3ba"}
,"C:\\Users\\ashut\\OneDrive\\Desktop\\my folders\\netflix-clone\\backend\\utilities\\genrateToken.js": {"path":"C:\\Users\\ashut\\OneDrive\\Desktop\\my folders\\netflix-clone\\backend\\utilities\\genrateToken.js","statementMap":{"0":{"start":{"line":4,"column":40},"end":{"line":17,"column":1}},"1":{"start":{"line":5,"column":18},"end":{"line":7,"column":6}},"2":{"start":{"line":9,"column":4},"end":{"line":14,"column":7}},"3":{"start":{"line":16,"column":4},"end":{"line":16,"column":17}}},"fnMap":{"0":{"name":"(anonymous_0)","decl":{"start":{"line":4,"column":40},"end":{"line":4,"column":41}},"loc":{"start":{"line":4,"column":57},"end":{"line":17,"column":1}},"line":4}},"branchMap":{},"s":{"0":1,"1":0,"2":0,"3":0},"f":{"0":0},"b":{},"_coverageSchema":"1a1c01bbd47fc00a2c39e90264f33305004495a9","hash":"e879996181c5a8d016357d4c97a3fbb1258f7a0f"}
}
